1,2,3,4,5,6,7,8,9,x velocity y velocity
0,0,0,1,1,1,0,0,0,1000010000
0,0,0,1,0,1,0,0,0,1000010000
0,0,0,1,0,1,0,0,0,1000010000
0,0,0,1,0,1,0,0,0,1000010000
0,0,0,1,0,1,0,0,0,1000010000
0,0,0,1,0,1,0,0,0,1000010000
0,0,0,1,0,1,0,0,0,1000010000
0,0,0,1,0,1,0,0,0,1000010000
0,0,0,1,0,1,0,0,0,1000010000
0,0,0,1,0,1,0,0,0,1000010000
0,0,0,1,0,1,0,0,0,1000010000
0,0,0,1,0,1,0,0,0,1000010000
0,0,0,1,0,1,0,0,0,1000010000
0,0,0,1,0,1,0,0,0,1000010000
0,0,0,1,0,1,0,0,0,1000010000
0,0,0,1,0,1,0,0,0,1000010000
0,0,0,1,0,1,0,0,0,1000010000
0,0,0,1,0,1,0,0,0,1000010000
0,0,0,1,0,1,0,0,0,1000010000
0,0,0,1,0,1,0,0,0,1000010000
0,0,0,1,0,1,0,0,0,1000010000
0,0,0,1,0,1,0,0,0,1000010000
0,0,0,1,0,1,0,0,0,1000010000
0,0,0,1,0,1,0,0,0,1000010000
0,0,0,1,0,1,0,0,0,1000010000
0,0,0,1,0,1,0,0,0,1000010000
0,0,0,1,0,1,0,0,0,1000010000
0,0,0,1,0,1,0,0,0,1000010000
0,0,0,1,0,1,0,0,0,1000010000
0,0,0,1,0,1,0,0,0,1000010000
0,0,0,1,0,1,0,0,0,1000010000
0,0,0,1,0,1,0,0,0,1000010000
0,0,0,1,0,1,0,0,0,1000010000
0,0,0,1,0,1,0,0,0,1000010000
0,0,0,1,0,1,0,0,0,1000010000
0,0,0,1,0,1,0,0,0,1000010000
0,0,0,1,0,1,0,0,0,1000010000
0,0,0,1,0,1,0,0,0,1000010000
0,0,0,1,0,1,0,0,0,1000010000
0,0,0,1,0,1,0,0,0,1000010000
0,0,0,1,0,1,0,0,0,1000010000
0,0,0,1,0,1,0,0,0,1000010000
0,0,0,1,0,1,0,0,0,1000010000
0,0,0,1,0,1,0,0,0,1000010000
0,0,0,1,0,1,0,0,0,1000010000
0,0,0,1,0,1,0,0,0,1000010000
0,0,0,1,0,1,0,0,0,1000010000
0,0,0,1,0,1,0,0,0,1000010000
0,0,0,1,0,1,0,0,0,1000010000
0,0,0,1,0,1,0,0,0,1000010000
0,0,0,1,0,1,0,0,0,1000010000
0,0,0,1,0,1,0,0,0,1000010000
0,0,0,1,0,1,0,0,0,1000010000
0,0,0,1,0,1,0,0,0,1000010000
0,0,0,1,0,1,0,0,0,1000010000
0,0,0,1,0,1,0,0,0,1000010000
0,0,0,1,0,1,0,0,0,1000010000
0,0,0,1,0,1,0,0,0,1000010000
0,0,0,1,0,1,0,0,0,1000010000
0,0,0,1,0,1,0,0,0,1000010000
0,0,0,1,0,1,0,0,0,1000010000
0,0,0,1,0,1,0,0,0,1000010000
0,0,0,1,0,1,0,0,0,1000010000
0,0,0,1,0,1,0,0,0,1000010000
0,0,0,1,0,1,0,0,0,1000010000
0,0,0,1,0,1,0,0,0,1000010000
0,0,0,1,0,1,0,0,0,1000010000
0,0,0,1,0,1,0,0,0,1000010000
0,0,0,1,0,1,0,0,0,1000010000
0,0,0,1,0,1,0,0,0,1000010000
0,0,0,1,0,1,0,0,0,1000010000
0,0,0,1,0,1,0,0,0,1000010000
0,0,0,1,0,1,0,0,0,1000010000
0,0,0,1,0,1,0,0,0,1000010000
0,0,0,1,0,1,0,0,0,1000010000
0,0,0,1,0,1,0,0,0,1000010000
0,0,0,1,0,1,0,0,0,1000010000
0,0,0,1,0,1,0,0,0,1000010000
0,0,0,1,0,1,0,0,0,1000010000
0,0,0,1,0,1,0,0,0,1000010000
0,0,0,1,0,1,0,0,0,1000010000
0,0,0,1,0,1,0,0,0,1000010000
0,0,0,1,0,1,0,0,0,1000010000
0,0,0,1,0,1,0,0,0,1000010000
0,0,0,1,0,1,0,0,0,1000010000
0,0,0,1,0,1,0,0,0,1000010000
0,0,0,1,0,1,0,0,0,1000010000
0,0,0,1,0,1,0,0,0,1000010000
0,0,0,1,0,1,0,0,0,1000010000
0,0,0,1,0,1,0,0,0,1000010000
0,0,0,1,0,1,0,0,0,1000010000
0,0,0,1,0,1,0,0,0,1000010000
0,0,0,1,0,1,0,0,0,1000010000
0,0,0,1,0,1,0,0,0,1000010000
0,0,0,1,0,1,0,0,0,1000010000
0,0,0,1,0,1,0,0,0,1000010000
0,0,0,1,0,1,0,0,0,1000010000
0,0,0,1,0,1,0,0,0,1000010000
0,0,0,1,0,1,0,0,0,1000010000
0,0,0,1,0,1,0,0,0,1000010000
0,0,0,1,0,1,0,0,0,1000010000
0,0,0,1,0,1,0,0,0,1000010000
0,0,0,1,0,1,0,0,0,1000010000
0,0,0,1,0,1,0,0,0,1000010000
0,0,0,1,0,1,0,0,0,1000010000
0,0,0,1,0,1,0,0,0,1000010000
0,0,0,1,0,1,0,0,0,1000010000
0,0,0,1,0,1,0,0,0,1000010000
0,0,0,1,0,1,0,0,0,1000010000
0,0,0,1,0,1,0,0,0,1000010000
0,0,0,1,0,1,0,0,0,1000010000
0,0,0,1,0,1,0,0,0,1000010000
0,0,0,1,0,1,0,0,0,1000010000
0,0,0,1,0,1,0,0,0,1000010000
0,0,0,1,0,1,0,0,0,1000010000
0,0,0,1,0,1,0,0,0,1000010000
0,0,0,1,0,1,0,0,0,1000010000
0,0,0,1,0,1,0,0,0,1000010000
0,0,0,1,0,1,0,0,0,1000010000
0,0,0,1,0,1,0,0,0,1000010000
0,0,0,1,0,1,0,0,0,1000010000
0,0,0,1,0,1,0,0,0,1000010000
0,0,0,1,0,1,0,0,0,1000010000
0,0,0,1,0,1,0,0,0,1000010000
0,0,0,1,0,1,0,0,0,1000010000
0,0,0,1,0,1,0,0,0,1000010000
0,0,0,1,0,1,0,0,0,1000010000
0,0,0,1,0,1,0,0,0,1000010000
0,0,0,1,0,1,0,0,0,1000010000
0,0,0,1,0,1,0,0,0,1000010000
0,0,0,1,0,1,0,0,0,1000010000
0,0,0,1,0,1,0,0,0,1000010000
0,0,0,1,0,1,0,0,0,1000010000
0,0,0,1,0,1,0,0,0,1000010000
0,0,0,1,0,1,0,0,0,1000010000
0,0,0,1,0,1,0,0,0,1000010000
0,0,0,1,0,1,0,0,0,1000010000
0,0,0,1,0,1,0,0,0,1000010000
0,0,0,1,0,1,0,0,0,1000010000
0,0,0,1,0,1,0,0,0,1000010000
0,0,0,1,0,1,0,0,0,1000010000
0,0,0,1,0,1,0,0,0,1000010000
0,0,0,1,0,1,0,0,0,1000010000
0,0,0,1,0,1,0,0,0,1000010000
0,0,0,1,0,1,0,0,0,1000010000
0,0,0,1,0,1,0,0,0,1000010000
0,0,0,1,0,1,0,0,0,1000010000
0,0,0,1,0,1,0,0,0,1000010000
0,0,0,1,0,1,0,0,0,1000010000
0,0,0,1,0,1,0,0,0,1000010000
0,0,0,1,0,1,0,0,0,1000010000
0,0,0,1,0,1,0,0,0,1000010000
0,0,0,1,0,1,0,0,0,1000010000
0,0,0,1,0,1,0,0,0,1000010000
0,0,0,1,0,1,0,0,0,1000010000
0,0,0,1,0,1,0,0,0,1000010000
0,0,0,1,0,1,0,0,0,1000010000
0,0,0,1,0,1,0,0,0,1000010000
0,0,0,1,0,1,0,0,0,1000010000
0,0,0,1,0,1,0,0,0,1000010000
0,0,0,1,0,1,0,0,0,1000010000
0,0,0,1,0,1,0,0,0,1000010000
0,0,0,1,0,1,0,0,0,1000010000
0,0,0,1,0,1,0,0,0,1000010000
0,0,0,1,0,1,0,0,0,1000010000
0,0,0,1,0,1,0,0,0,1000010000
0,0,0,1,0,1,0,0,0,1000010000
0,0,0,1,0,1,0,0,0,1000010000
0,0,0,1,0,1,0,0,0,1000010000
0,0,0,1,0,1,0,0,0,1000010000
0,0,0,1,0,1,0,0,0,1000010000
0,0,0,1,0,1,0,0,0,1000010000
0,0,0,1,0,1,0,0,0,1000010000
0,0,0,1,0,1,0,0,0,1000010000
0,0,0,1,0,1,0,0,0,1000010000
0,0,0,1,0,1,0,0,0,1000010000
0,0,0,1,0,1,0,0,0,1000010000
0,0,0,1,0,1,0,0,0,1000010000
0,0,0,1,0,1,0,0,0,1000010000
0,0,0,1,0,1,0,0,0,1000010000
0,0,0,1,0,1,0,0,0,1000010000
0,0,0,1,0,1,0,0,0,1000010000
0,0,0,1,0,1,0,0,0,1000010000
0,0,0,1,0,1,0,0,0,1000010000
0,0,0,1,0,1,0,0,0,1000010000
0,0,0,1,0,1,0,0,0,1000010000
0,0,0,1,0,1,0,0,0,1000010000
0,0,0,1,0,1,0,0,0,1000010000
0,0,0,1,0,1,0,0,0,1000010000
0,0,0,1,0,1,0,0,0,1000010000
0,0,0,1,0,1,0,0,0,1000010000
0,0,0,1,0,1,0,0,0,1000010000
0,0,0,1,0,1,0,0,0,1000010000
0,0,0,1,0,1,0,0,0,1000010000
0,0,0,1,0,1,0,0,0,1000010000
0,0,0,1,0,1,0,0,0,1000010000
0,0,0,1,0,1,0,0,0,1000010000
0,0,0,1,0,1,0,0,0,1000010000
0,0,0,1,0,1,0,0,0,1000010000
0,0,0,1,0,1,0,0,0,1000010000
0,0,0,1,0,1,0,0,0,1000010000
0,0,0,1,0,1,0,0,0,1000010000
0,0,0,1,0,1,0,0,0,1000010000
0,0,0,1,0,1,0,0,0,1000010000
0,0,0,1,0,1,0,0,0,1000010000
0,0,0,1,0,1,0,0,0,1000010000
0,0,0,1,0,1,0,0,0,1000010000
0,0,0,1,0,1,0,0,0,1000010000
0,0,0,1,0,1,0,0,0,1000010000
0,0,0,1,0,1,0,0,0,1000010000
0,0,0,1,0,1,0,0,0,1000010000
0,0,0,1,0,1,0,0,0,1000010000
0,0,0,1,0,1,0,0,0,1000010000
0,0,0,1,0,1,0,0,0,1000010000
0,0,0,1,0,1,0,0,0,1000010000
0,0,0,1,0,1,0,0,0,1000010000
0,0,0,1,0,1,0,0,0,1000010000
0,0,0,1,0,1,0,0,0,1000010000
0,0,0,1,0,1,0,0,0,1000010000
0,0,0,1,0,1,0,0,0,1000010000
0,0,0,1,0,1,0,0,0,1000010000
0,0,0,1,0,1,0,0,0,1000010000
0,0,0,1,0,1,0,0,0,1000010000
0,0,0,1,0,1,0,0,0,1000010000
0,0,0,1,0,1,0,0,0,1000010000
0,0,0,1,0,1,0,0,0,1000010000
0,0,0,1,0,1,0,0,0,1000010000
0,0,0,1,0,1,0,0,0,1000010000
0,0,0,1,0,1,0,0,0,1000010000
0,0,0,1,0,1,0,0,0,1000010000
0,0,0,1,0,1,0,0,0,1000010000
0,0,0,1,0,1,0,0,0,1000010000
0,0,0,1,0,1,0,0,0,1000010000
0,0,0,1,0,1,0,0,0,1000010000
0,0,0,1,0,1,0,0,0,1000010000
0,0,0,1,0,1,0,0,0,1000010000
0,0,0,1,0,1,0,0,0,1000010000
0,0,0,1,0,1,0,0,0,1000010000
0,0,0,1,0,1,0,0,0,1000010000
0,0,0,1,0,1,0,0,0,1000010000
0,0,0,1,0,1,0,0,0,1000010000
0,0,0,1,0,1,0,0,0,1000010000
0,0,0,1,0,1,0,0,0,1000010000
0,0,0,1,0,1,0,0,0,1000010000
0,0,0,1,0,1,0,0,0,1000010000
0,0,0,1,0,1,0,0,0,1000010000
0,0,0,1,0,1,0,0,0,1000010000
0,0,0,1,0,1,0,0,0,1000010000
0,0,0,1,0,1,0,0,0,1000010000
0,0,0,1,0,1,0,0,0,1000010000
0,0,0,1,0,1,0,0,0,1000010000
0,0,0,1,0,1,0,0,0,1000010000
0,0,0,1,0,1,0,0,0,1000010000
0,0,0,1,0,1,0,0,0,1000010000
0,0,0,1,0,1,0,0,0,1000010000
0,0,0,1,0,1,0,0,0,1000010000
0,0,0,1,0,1,0,0,0,1000010000
0,0,0,1,0,1,0,0,0,1000010000
0,0,0,1,0,1,0,0,0,1000010000
0,0,0,1,0,1,0,0,0,1000010000
0,0,0,1,0,1,0,0,0,1000010000
0,0,0,1,0,1,0,0,0,1000010000
0,0,0,1,0,1,0,0,0,1000010000
0,0,0,1,0,1,0,0,0,1000010000
0,0,0,1,0,1,0,0,0,1000010000
0,0,0,1,0,1,0,0,0,1000010000
0,0,0,1,0,1,0,0,0,1000010000
0,0,0,1,0,1,0,0,0,1000010000
0,0,0,1,0,1,0,0,0,1000010000
0,0,0,1,0,1,0,0,0,1000010000
0,0,0,1,0,1,0,0,0,1000010000
0,0,0,1,0,1,0,0,0,1000010000
0,0,0,1,0,1,0,0,0,1000010000
0,0,0,1,0,1,0,0,0,1000010000
0,0,0,1,0,1,0,0,0,1000010000
0,0,0,1,0,1,0,0,0,1000010000
0,0,0,1,0,1,0,0,0,1000010000
0,0,0,1,0,1,0,0,0,1000010000
0,0,0,1,0,1,0,0,0,1000010000
0,0,0,1,0,1,0,0,0,1000010000
0,0,0,1,0,1,0,0,0,1000010000
0,0,0,1,0,1,0,0,0,1000010000
0,0,0,1,0,1,0,0,0,1000010000
0,0,0,1,0,1,0,0,0,1000010000
0,0,0,1,0,1,0,0,0,1000010000
0,0,0,1,0,1,0,0,0,1000010000
0,0,0,1,0,1,0,0,0,1000010000
0,0,0,1,0,1,0,0,0,1000010000
0,0,0,1,0,1,0,0,0,1000010000
0,0,0,1,0,1,0,0,0,1000010000
0,0,0,1,0,1,0,0,0,1000010000
0,0,0,1,0,1,0,0,0,1000010000
0,0,0,1,0,1,0,0,0,1000010000
0,0,0,1,0,1,0,0,0,1000010000
0,0,0,1,0,1,0,0,0,1000010000
0,0,0,1,0,1,0,0,0,1000010000
0,0,0,1,0,1,0,0,0,1000010000
0,0,0,1,0,1,0,0,0,1000010000
0,0,0,1,0,1,0,0,0,1000010000
0,0,0,1,0,1,0,0,0,1000010000
0,0,0,1,0,1,0,0,0,1000010000
0,0,0,1,0,1,0,0,0,1000010000
0,0,0,1,0,1,0,0,0,1000010000
0,0,0,1,0,1,0,0,0,1000010000
0,0,0,1,0,1,0,0,0,1000010000
0,0,0,1,0,1,0,0,0,1000010000
0,0,0,1,0,1,0,0,0,1000010000
0,0,0,1,0,1,0,0,0,1000010000
0,0,0,1,0,1,0,0,0,1000010000
0,0,0,1,0,1,0,0,0,1000010000
0,0,0,1,0,1,0,0,0,1000010000
0,0,0,1,0,1,0,0,0,1000010000
0,0,0,1,0,1,0,0,0,1000010000
0,0,0,1,0,1,0,0,0,1000010000
0,0,0,1,0,1,0,0,0,1000010000
0,0,0,1,0,1,0,0,0,1000010000
0,0,0,1,0,1,0,0,0,1000010000
0,0,0,1,0,1,0,0,0,1000010000
0,0,0,1,0,1,0,0,0,1000010000
0,0,0,1,0,1,0,0,0,1000010000
0,0,0,1,0,1,0,0,0,1000010000
0,0,0,1,0,1,0,0,0,1000010000
0,0,0,1,0,1,0,0,0,1000010000
0,0,0,1,0,1,0,0,0,1000010000
0,0,0,1,0,1,0,0,0,1000010000
0,0,0,1,0,1,0,0,0,1000010000
0,0,0,1,0,1,0,0,0,1000010000
0,0,0,1,0,1,0,0,0,1000010000
0,0,0,1,0,1,0,0,0,1000010000
0,0,0,1,0,1,0,0,0,1000010000
0,0,0,1,0,1,0,0,0,1000010000
0,0,0,1,0,1,0,0,0,1000010000
0,0,0,1,0,1,0,0,0,1000010000
0,0,0,1,0,1,0,0,0,1000010000
0,0,0,1,0,1,0,0,0,1000010000
0,0,0,1,0,1,0,0,0,1000010000
0,0,0,1,0,1,0,0,0,1000010000
0,0,0,1,0,1,0,0,0,1000010000
0,0,0,1,0,1,0,0,0,1000010000
0,0,0,1,0,1,0,0,0,1000010000
0,0,0,1,0,1,0,0,0,1000010000
0,0,0,1,0,1,0,0,0,1000010000
0,0,0,1,0,1,0,0,0,1000010000
0,0,0,1,0,1,0,0,0,1000010000
0,0,0,1,0,1,0,0,0,1000010000
0,0,0,1,0,1,0,0,0,1000010000
0,0,0,1,0,1,0,0,0,1000010000
0,0,0,1,0,1,0,0,0,1000010000
0,0,0,1,0,1,0,0,0,1000010000
0,0,0,1,0,1,0,0,0,1000010000
0,0,0,1,0,1,0,0,0,1000010000
0,0,0,1,0,1,0,0,0,1000010000
0,0,0,1,0,1,0,0,0,1000010000
0,0,0,1,0,1,0,0,0,1000010000
0,0,0,1,0,1,0,0,0,1000010000
0,0,0,1,0,1,0,0,0,1000010000
0,0,0,1,0,1,0,0,0,1000010000
0,0,0,1,0,1,0,0,0,1000010000
0,0,0,1,0,1,0,0,0,1000010000
0,0,0,1,0,1,0,0,0,1000010000
0,0,0,1,0,1,0,0,0,1000010000
0,0,0,1,0,1,0,0,0,1000010000
0,0,0,1,0,1,0,0,0,1000010000
0,0,0,1,0,1,0,0,0,1000010000
0,0,0,1,0,1,0,0,0,1000010000
0,0,0,1,0,1,0,0,0,1000010000
0,0,0,1,0,1,0,0,0,1000010000
0,0,0,1,0,1,0,0,0,1000010000
0,0,0,1,0,1,0,0,0,1000010000
0,0,0,1,0,1,0,0,0,1000010000
0,0,0,1,0,1,0,0,0,1000010000
0,0,0,1,0,1,0,0,0,1000010000
0,0,0,1,0,1,0,0,0,1000010000
0,0,0,1,0,1,0,0,0,1000010000
0,0,0,1,0,1,0,0,0,1000010000
0,0,0,1,0,1,0,0,0,1000010000
0,0,0,1,0,1,0,0,0,1000010000
0,0,0,1,0,1,0,0,0,1000010000
0,0,0,1,0,1,0,0,0,1000010000
0,0,0,1,0,1,0,0,0,1000010000
0,0,0,1,0,1,0,0,0,1000010000
0,0,0,1,0,1,0,0,0,1000010000
0,0,0,1,0,1,0,0,0,1000010000
0,0,0,1,0,1,0,0,0,1000010000
0,0,0,1,0,1,0,0,0,1000010000
0,0,0,1,0,1,0,0,0,1000010000
0,0,0,1,0,1,0,0,0,1000010000
0,0,0,1,0,1,0,0,0,1000010000
0,0,0,1,0,1,0,0,0,1000010000
0,0,0,1,0,1,0,0,0,1000010000
0,0,0,1,0,1,0,0,0,1000010000
0,0,0,1,0,1,0,0,0,1000010000
0,0,0,1,0,1,0,0,0,1000010000
0,0,0,1,0,1,0,0,0,1000010000
0,0,0,1,0,1,0,0,0,1000010000
0,0,0,1,0,1,0,0,0,1000010000
0,0,0,1,0,1,0,0,0,1000010000
0,0,0,1,0,1,0,0,0,1000010000
0,0,0,1,0,1,0,0,0,1000010000
0,0,0,1,0,1,0,0,0,1000010000
0,0,0,1,0,1,0,0,0,1000010000
0,0,0,1,0,1,0,0,0,1000010000
0,0,0,1,0,1,0,0,0,1000010000
0,0,0,1,0,1,0,0,0,1000010000
0,0,0,1,0,1,0,0,0,1000010000
0,0,0,1,0,1,0,0,0,1000010000
0,0,0,1,0,1,0,0,0,1000010000
0,0,0,1,0,1,0,0,0,1000010000
0,0,0,1,0,1,0,0,0,1000010000
0,0,0,1,0,1,0,0,0,1000010000
0,0,0,1,0,1,0,0,0,1000010000
0,0,0,1,0,1,0,0,0,1000010000
0,0,0,1,0,1,0,0,0,1000010000
0,0,0,1,0,1,0,0,0,1000010000
0,0,0,1,0,1,0,0,0,1000010000
0,0,0,1,0,1,0,0,0,1000010000
0,0,0,1,0,1,0,0,0,1000010000
0,0,0,1,0,1,0,0,0,1000010000
0,0,0,1,0,1,0,0,0,1000010000
0,0,0,1,0,1,0,0,0,1000010000
0,0,0,1,0,1,0,0,0,1000010000
0,0,0,1,0,1,0,0,0,1000010000
0,0,0,1,0,1,0,0,0,1000010000
0,0,0,1,0,1,0,0,0,1000010000
0,0,0,1,0,1,0,0,0,1000010000
0,0,0,1,0,1,0,0,0,1000010000
0,0,0,1,0,1,0,0,0,1000010000
0,0,0,1,0,1,0,0,0,1000010000
0,0,0,1,0,1,0,0,0,1000010000
0,0,0,1,0,1,0,0,0,1000010000
0,0,0,1,0,1,0,0,0,1000010000
0,0,0,1,0,1,0,0,0,1000010000
0,0,0,1,0,1,0,0,0,1000010000
0,0,0,1,0,1,0,0,0,1000010000
0,0,0,1,0,1,0,0,0,1000010000
0,0,0,1,0,1,0,0,0,1000010000
0,0,0,1,0,1,0,0,0,1000010000
0,0,0,1,0,1,0,0,0,1000010000
0,0,0,1,0,1,0,0,0,1000010000
0,0,0,1,0,1,0,0,0,1000010000
0,0,0,1,0,1,0,0,0,1000010000
0,0,0,1,0,1,0,0,0,1000010000
0,0,0,1,0,1,0,0,0,1000010000
0,0,0,1,0,1,0,0,0,1000010000
0,0,0,1,0,1,0,0,0,1000010000
0,0,0,1,0,1,0,0,0,1000010000
0,0,0,1,0,1,0,0,0,1000010000
0,0,0,1,0,1,0,0,0,1000010000
0,0,0,1,0,1,0,0,0,1000010000
0,0,0,1,0,1,0,0,0,1000010000
0,0,0,1,0,1,0,0,0,1000010000
0,0,0,1,0,1,0,0,0,1000010000
0,0,0,1,0,1,0,0,0,1000010000
0,0,0,1,0,1,0,0,0,1000010000
0,0,0,1,0,1,0,0,0,1000010000
0,0,0,1,0,1,0,0,0,1000010000
0,0,0,1,0,1,0,0,0,1000010000
0,0,0,1,0,1,0,0,0,1000010000
0,0,0,1,0,1,0,0,0,1000010000
0,0,0,1,0,1,0,0,0,1000010000
0,0,0,1,0,1,0,0,0,1000010000
0,0,0,1,0,1,0,0,0,1000010000
0,0,0,1,0,1,0,0,0,1000010000
0,0,0,1,0,1,0,0,0,1000010000
0,0,0,1,0,1,0,0,0,1000010000
0,0,0,1,0,1,0,0,0,1000010000
0,0,0,1,0,1,0,0,0,1000010000
0,0,0,1,0,1,0,0,0,1000010000
0,0,0,1,0,1,0,0,0,1000010000
0,0,0,1,0,1,0,0,0,1000010000
0,0,0,1,0,1,0,0,0,1000010000
0,0,0,1,0,1,0,0,0,1000010000
0,0,0,1,0,1,0,0,0,1000010000
0,0,0,1,0,1,0,0,0,1000010000
0,0,0,1,0,1,0,0,0,1000010000
0,0,0,1,0,1,0,0,0,1000010000
0,0,0,1,0,1,0,0,0,1000010000
0,0,0,1,0,1,0,0,0,1000010000
0,0,0,1,0,1,0,0,0,1000010000
0,0,0,1,0,1,0,0,0,1000010000
0,0,0,1,0,1,0,0,0,1000010000
0,0,0,1,0,1,0,0,0,1000010000
0,0,0,1,0,1,0,0,0,1000010000
0,0,0,1,0,1,0,0,0,1000010000
0,0,0,1,0,1,0,0,0,1000010000
0,0,0,1,0,1,0,0,0,1000010000
0,0,0,1,0,1,0,0,0,1000010000
0,0,0,1,0,1,0,0,0,1000010000
0,0,0,1,0,1,0,0,0,1000010000
0,0,0,1,0,1,0,0,0,1000010000
0,0,0,1,0,1,0,0,0,1000010000
0,0,0,1,0,1,0,0,0,1000010000
0,0,0,1,0,1,0,0,0,1000010000
0,0,0,1,0,1,0,0,0,1000010000
0,0,0,1,0,1,0,0,0,1000010000
0,0,0,1,0,1,0,0,0,1000010000
0,0,0,1,0,1,0,0,0,1000010000
0,0,0,1,0,1,0,0,0,1000010000
0,0,0,1,0,1,0,0,0,1000010000
0,0,0,1,0,1,0,0,0,1000010000
0,0,0,1,0,1,0,0,0,1000010000
0,0,0,1,0,1,0,0,0,1000010000
0,0,0,1,0,1,0,0,0,1000010000
0,0,0,1,0,1,0,0,0,1000010000
0,0,0,1,0,1,0,0,0,1000010000
0,0,0,1,0,1,0,0,0,1000010000
0,0,0,1,0,1,0,0,0,1000010000
0,0,0,1,0,1,0,0,0,1000010000
0,0,0,1,0,1,0,0,0,1000010000
0,0,0,1,0,1,0,0,0,1000010000
0,0,0,1,0,1,0,0,0,1000010000
0,0,0,1,0,1,0,0,0,1000010000
0,0,0,1,0,1,0,0,0,1000010000
0,0,0,1,0,1,0,0,0,1000010000
0,0,0,1,0,1,0,0,0,1000010000
0,0,0,1,0,1,0,0,0,1000010000
0,0,0,1,0,1,0,0,0,1000010000
0,0,0,1,0,1,0,0,0,1000010000
0,0,0,1,0,1,0,0,0,1000010000
0,0,0,1,0,1,0,0,0,1000010000
0,0,0,1,0,1,0,0,0,1000010000
0,0,0,1,0,1,0,0,0,1000010000
0,0,0,1,0,1,0,0,0,1000010000
0,0,0,1,0,1,0,0,0,1000010000
0,0,0,1,0,1,0,0,0,1000010000
0,0,0,1,0,1,0,0,0,1000010000
0,0,0,1,0,1,0,0,0,1000010000
0,0,0,1,0,1,0,0,0,1000010000
0,0,0,1,0,1,0,0,0,1000010000
0,0,0,1,0,1,0,0,0,1000010000
0,0,0,1,0,1,0,0,0,1000010000
0,0,0,1,0,1,0,0,0,1000010000
0,0,0,1,0,1,0,0,0,1000010000
0,0,0,1,0,1,0,0,0,1000010000
0,0,0,1,0,1,0,0,0,1000010000
0,0,0,1,0,1,0,0,0,1000010000
0,0,0,1,0,1,0,0,0,1000010000
0,0,0,1,0,1,0,0,0,1000010000
0,0,0,1,0,1,0,0,0,1000010000
0,0,0,1,0,1,0,0,0,1000010000
0,0,0,1,0,1,0,0,0,1000010000
0,0,0,1,0,1,0,0,0,1000010000
0,0,0,1,0,1,0,0,0,1000010000
0,0,0,1,0,1,0,0,0,1000010000
0,0,0,1,0,1,0,0,0,1000010000
0,0,0,1,0,1,0,0,0,1000010000
0,0,0,1,0,1,0,0,0,1000010000
0,0,0,1,0,1,0,0,0,1000010000
0,0,0,1,0,1,0,0,0,1000010000
0,0,0,1,0,1,0,0,0,1000010000
0,0,0,1,0,1,0,0,0,1000010000
0,0,0,1,0,1,0,0,0,1000010000
0,0,0,1,0,1,0,0,0,1000010000
0,0,0,1,0,1,0,0,0,1000010000
0,0,0,1,0,1,0,0,0,1000010000
0,0,0,1,0,1,0,0,0,1000010000
0,0,0,1,0,1,0,0,0,1000010000
0,0,0,1,0,1,0,0,0,1000010000
0,0,0,1,0,1,0,0,0,1000010000
0,0,0,1,0,1,0,0,0,1000010000
0,0,0,1,0,1,0,0,0,1000010000
0,0,0,1,0,1,0,0,0,1000010000
0,0,0,1,0,1,0,0,0,1000010000
0,0,0,1,0,1,0,0,0,1000010000
0,0,0,1,0,1,0,0,0,1000010000
0,0,0,1,0,1,0,0,0,1000010000
0,0,0,1,0,1,0,0,0,1000010000
0,0,0,1,0,1,0,0,0,1000010000
0,0,0,1,0,1,0,0,0,1000010000
0,0,0,1,0,1,0,0,0,1000010000
0,0,0,1,0,1,0,0,0,1000010000
0,0,0,1,0,1,0,0,0,1000010000
0,0,0,1,0,1,0,0,0,1000010000
0,0,0,1,0,1,0,0,0,1000010000
0,0,0,1,0,1,0,0,0,1000010000
0,0,0,1,0,1,0,0,0,1000010000
0,0,0,1,0,1,0,0,0,1000010000
0,0,0,1,0,1,0,0,0,1000010000
0,0,0,1,0,1,0,0,0,1000010000
0,0,0,1,0,1,0,0,0,1000010000
0,0,0,1,0,1,0,0,0,1000010000
0,0,0,1,0,1,0,0,0,1000010000
0,0,0,1,0,1,0,0,0,1000010000
0,0,0,1,0,1,0,0,0,1000010000
0,0,0,1,0,1,0,0,0,1000010000
0,0,0,1,0,1,0,0,0,1000010000
0,0,0,1,0,1,0,0,0,1000010000
0,0,0,1,0,1,0,0,0,1000010000
0,0,0,1,0,1,0,0,0,1000010000
0,0,0,1,0,1,0,0,0,1000010000
0,0,0,1,0,1,0,0,0,1000010000
0,0,0,1,0,1,0,0,0,1000010000
0,0,0,1,0,1,0,0,0,1000010000
0,0,0,1,0,1,0,0,0,1000010000
0,0,0,1,0,1,0,0,0,1000010000
0,0,0,1,0,1,0,0,0,1000010000
0,0,0,1,0,1,0,0,0,1000010000
0,0,0,1,0,1,0,0,0,1000010000
0,0,0,1,0,1,0,0,0,1000010000
0,0,0,1,0,1,0,0,0,1000010000
0,0,0,1,0,1,0,0,0,1000010000
0,0,0,1,0,1,0,0,0,1000010000
0,0,0,1,0,1,0,0,0,1000010000
0,0,0,1,0,1,0,0,0,1000010000
0,0,0,1,0,1,0,0,0,1000010000
0,0,0,1,0,1,0,0,0,1000010000
0,0,0,1,0,1,0,0,0,1000010000
0,0,0,1,0,1,0,0,0,1000010000
0,0,0,1,0,1,0,0,0,1000010000
0,0,0,1,0,1,0,0,0,1000010000
0,0,0,1,0,1,0,0,0,1000010000
0,0,0,1,0,1,0,0,0,1000010000
0,0,0,1,0,1,0,0,0,1000010000
0.0,0.0,0.0,5.000000000165983e-05,59.99999916666667,60.00004916666667,0.0,0.0,0.0,1000010000
0.0,0.0,0.0,0.00014999999999787406,59.9999975,60.0001475,0.0,0.0,0.0,1000010000
0.0,0.0,0.0,0.00030000000000285354,59.999995,60.000295,0.0,0.0,0.0,1000010000
0.0,0.0,0.0,0.0005000000000023874,59.999991666666666,60.00049166666667,0.0,0.0,0.0,1000010000
0.0,0.0,0.0,0.0007499999999964757,59.9999875,60.0007375,0.0,0.0,0.0,1000010000
0.0,0.0,0.0,0.0010499999999993292,59.9999825,60.0010325,0.0,0.0,0.0,1000010000
0.0,0.0,0.0,0.0013999999999967372,59.99997666666667,60.001376666666665,0.0,0.0,0.0,1000010000
0.0,0.0,0.0,0.001799999999995805,59.99997,60.00176999999999,0.0,0.0,0.0,1000010000
0.0,0.0,0.0,0.0022499999999965326,59.9999625,60.0022125,0.0,0.0,0.0,1000010000
0.0,0.0,0.0,0.00274999999999892,59.99995416666667,60.00270416666667,0.0,0.0,0.0,1000010000
0.0,0.0,0.0,0.003299999999995862,59.999945,60.00324499999999,0.0,0.0,0.0,1000010000
0.0,0.0,0.0,0.003900000000001569,59.999935,60.003835,0.0,0.0,0.0,1000010000
0.0,0.0,0.0,0.00455000000000183,59.999924166666666,60.00447416666667,0.0,0.0,0.0,1000010000
0.0,0.0,0.0,0.005249999999996646,59.9999125,60.0051625,0.0,0.0,0.0,1000010000
0.0,0.0,0.0,0.006000000000000227,59.9999,60.0059,0.0,0.0,0.0,1000010000
0.0,0.0,0.0,0.006799999999998363,59.99988666666667,60.00668666666667,0.0,0.0,0.0,1000010000
0.0,0.0,0.0,0.007649999999998158,59.9998725,60.0075225,0.0,0.0,0.0,1000010000
0.0,0.0,0.0,0.008549999999999613,59.9998575,60.0084075,0.0,0.0,0.0,1000010000
0.0,0.0,0.0,0.009499999999995623,59.99984166666667,60.009341666666664,0.0,0.0,0.0,1000010000
0.0,0.0,0.0,0.010500000000000398,59.999825,60.010325,0.0,0.0,0.0,1000010000
0.0,0.0,0.0,0.011549999999999727,59.9998075,60.0113575,0.0,0.0,0.0,1000010000
0.0,0.0,0.0,0.012650000000000716,59.999789166666666,60.01243916666667,0.0,0.0,0.0,1000010000
0.0,0.0,0.0,0.01379999999999626,59.99977,60.013569999999994,0.0,0.0,0.0,1000010000
0.0,0.0,0.0,0.015000000000000568,59.99975,60.01475,0.0,0.0,0.0,1000010000
0.0,0.0,0.0,0.01624999999999943,59.99972916666667,60.01597916666667,0.0,0.0,0.0,1000010000
0.0,0.0,0.0,0.017549999999999955,59.9997075,60.0172575,0.0,0.0,0.0,1000010000
0.0,0.0,0.0,0.018899999999995032,59.999685,60.018584999999995,0.0,0.0,0.0,1000010000
0.0,0.0,0.0,0.020299999999998875,59.99966166666667,60.01996166666667,0.0,0.0,0.0,1000010000
0.0,0.0,0.0,0.02174999999999727,59.9996375,60.021387499999996,0.0,0.0,0.0,1000010000
0.0,0.0,0.0,0.02324999999999733,59.9996125,60.022862499999995,0.0,0.0,0.0,1000010000
0.0,0.0,0.0,0.024799999999999045,59.999586666666666,60.024386666666665,0.0,0.0,0.0,1000010000
0.0,0.0,0.0,0.026399999999995316,59.99956,60.02596,0.0,0.0,0.0,1000010000
0.0,0.0,0.0,0.028050000000000352,59.9995325,60.0275825,0.0,0.0,0.0,1000010000
0.0,0.0,0.0,0.029749999999999943,59.99950416666667,60.02925416666667,0.0,0.0,0.0,1000010001
0.0,0.0,0.0,0.03149999999999409,59.999475,60.03097499999999,0.0,0.0,0.0,1000010001
0.0,0.0,0.0,0.033299999999997,59.999445,60.032745,0.0,0.0,0.0,1000010001
0.0,0.0,0.0,0.03514999999999446,59.99941416666667,60.03456416666666,0.0,0.0,0.0,1000010001
0.0,0.0,0.0,0.03704999999999359,59.9993825,60.0364325,0.0,0.0,0.0,1000010001
0.0,0.0,0.0,0.03899999999999437,59.99935,60.038349999999994,0.0,0.0,0.0,1000010001
0.0,0.0,0.0,0.04099999999999682,59.999316666666665,60.04031666666666,0.0,0.0,0.0,1000010001
0.0,0.0,0.0,0.043049999999993815,59.9992825,60.04233249999999,0.0,0.0,0.0,1000010001
0.0,0.0,0.0,0.04514999999999958,59.9992475,60.0443975,0.0,0.0,0.0,1000010001
0.0,0.0,0.0,0.0472999999999999,59.99921166666667,60.04651166666667,0.0,0.0,0.0,1000010001
0.0,0.0,0.0,0.04949999999999477,59.999175,60.048674999999996,0.0,0.0,0.0,1000010001
0.0,0.0,0.0,0.05169999999999675,59.999138333333335,60.05083833333333,0.0,0.0,0.0,1000010001
0.0,0.0,0.0,0.05389999999999873,59.99910166666667,60.05300166666667,0.0,0.0,0.0,1000010001
0.0,0.0,0.0,0.0560999999999936,59.999065,60.055164999999995,0.0,0.0,0.0,1000010001
0.0,0.0,0.0,0.05829999999999558,59.999028333333335,60.05732833333333,0.0,0.0,0.0,1000010001
0.0,0.0,0.0,0.060499999999997556,59.99899166666667,60.059491666666666,0.0,0.0,0.0,1000010001
0.0,0.0,0.0,0.06269999999999953,59.998955,60.061655,0.0,0.0,0.0,1000010001
0.0,0.0,0.0,0.0648999999999944,59.998918333333336,60.06381833333333,0.0,0.0,0.0,1000010001
0.0,0.0,0.0,0.06709999999999638,59.99888166666667,60.065981666666666,0.0,0.0,0.0,1000010001
0.0,0.0,0.0,0.06929999999999836,59.998845,60.068145,0.0,0.0,0.0,1000010001
0.0,0.0,0.0,0.07150000000000034,59.998808333333336,60.07030833333334,0.0,0.0,0.0,1000010001
0.0,0.0,0.0,0.07369999999999521,59.99877166666667,60.072471666666665,0.0,0.0,0.0,1000010001
0.0,0.0,0.0,0.07589999999999719,59.998735,60.074635,0.0,0.0,0.0,1000010001
0.0,0.0,0.0,0.07809999999999917,59.99869833333333,60.07679833333333,0.0,0.0,0.0,1000010001
0.0,0.0,0.0,0.08030000000000115,59.99866166666666,60.078961666666665,0.0,0.0,0.0,1000010001
0.0,0.0,0.0,0.08249999999999602,59.998625,60.08112499999999,0.0,0.0,0.0,1000010001
0.0,0.0,0.0,0.084699999999998,59.99858833333333,60.08328833333333,0.0,0.0,0.0,1000010001
0.0,0.0,0.0,0.08689999999999998,59.998551666666664,60.085451666666664,0.0,0.0,0.0,1000010001
0.0,0.0,0.0,0.08909999999999485,59.998515,60.08761499999999,0.0,0.0,0.0,1000010001
0.0,0.0,0.0,0.09129999999999683,59.99847833333333,60.08977833333333,0.0,0.0,0.0,1000010001
0.0,0.0,0.0,0.0934999999999988,59.998441666666665,60.09194166666666,0.0,0.0,0.0,1000010001
0.0,0.0,0.0,0.09570000000000078,59.998405,60.094105,0.0,0.0,0.0,1000010001
0.0,0.0,0.0,0.09789999999999566,59.99836833333333,60.09626833333333,0.0,0.0,0.0,1000010001
0.0,0.0,0.0,0.10009999999999764,59.998331666666665,60.09843166666666,0.0,0.0,0.0,1000010001
0.0,0.0,0.0,0.10229999999999961,59.998295,60.100595,0.0,0.0,0.0,1000010001
0.0,0.0,0.0,0.10450000000000159,59.99825833333333,60.102758333333334,0.0,0.0,0.0,1000010001
0.0,0.0,0.0,0.10669999999999646,59.998221666666666,60.10492166666666,0.0,0.0,0.0,1000010001
0.0,0.0,0.0,0.10889999999999844,59.998185,60.107085,0.0,0.0,0.0,1000010001
0.0,0.0,0.0,0.11110000000000042,59.99814833333333,60.10924833333333,0.0,0.0,0.0,1000010001
0.0,0.0,0.0,0.1133000000000024,59.99811166666667,60.11141166666667,0.0,0.0,0.0,1000010001
0.0,0.0,0.0,0.11549999999999727,59.998075,60.113575,0.0,0.0,0.0,1000010001
0.0,0.0,0.0,0.11769999999999925,59.998038333333334,60.11573833333333,0.0,0.0,0.0,1000010001
0.0,0.0,0.0,0.11990000000000123,59.99800166666667,60.11790166666667,0.0,0.0,0.0,1000010001
0.0,0.0,0.0,0.1220999999999961,59.997965,60.120065,0.0,0.0,0.0,1000010001
0.0,0.0,0.0,0.12429999999999808,59.997928333333334,60.12222833333333,0.0,0.0,0.0,1000010001
0.0,0.0,0.0,0.12650000000000006,59.99789166666667,60.12439166666667,0.0,0.0,0.0,1000010001
0.0,0.0,0.0,0.12870000000000203,59.997855,60.126555,0.0,0.0,0.0,1000010001
0.0,0.0,0.0,0.1308999999999969,59.997818333333335,60.12871833333333,0.0,0.0,0.0,1000010001
0.0,0.0,0.0,0.13309999999999889,59.99778166666667,60.13088166666667,0.0,0.0,0.0,1000010001
0.0,0.0,0.0,0.13530000000000086,59.997745,60.133045,0.0,0.0,0.0,1000010001
0.0,0.0,0.0,0.13750000000000284,59.997708333333335,60.13520833333334,0.0,0.0,0.0,1000010001
0.0,0.0,0.0,0.13969999999999771,59.99767166666667,60.13737166666667,0.0,0.0,0.0,1000010001
0.0,0.0,0.0,0.1418999999999997,59.997635,60.139535,0.0,0.0,0.0,1000010001
0.0,0.0,0.0,0.14410000000000167,59.997598333333336,60.14169833333334,0.0,0.0,0.0,1000010001
0.0,0.0,0.0,0.14630000000000365,59.99756166666667,60.14386166666667,0.0,0.0,0.0,1000010001
0.0,0.0,0.0,0.14849999999999852,59.997525,60.146025,0.0,0.0,0.0,1000010001
0.0,0.0,0.0,0.1507000000000005,59.99748833333334,60.14818833333334,0.0,0.0,0.0,1000010001
0.0,0.0,0.0,0.15290000000000248,59.99745166666667,60.15035166666667,0.0,0.0,0.0,1000010001
0.0,0.0,0.0,0.15509999999999735,59.997415,60.152514999999994,0.0,0.0,0.0,1000010001
0.0,0.0,0.0,0.15729999999999933,59.99737833333333,60.15467833333333,0.0,0.0,0.0,1000010001
0.0,0.0,0.0,0.1595000000000013,59.997341666666664,60.156841666666665,0.0,0.0,0.0,1000010001
0.0,0.0,0.0,0.16170000000000329,59.997305,60.159005,0.0,0.0,0.0,1000010001
0.0,0.0,0.0,0.16389999999999816,59.99726833333333,60.16116833333333,0.0,0.0,0.0,1000010001
0.0,0.0,0.0,0.16610000000000014,59.997231666666664,60.163331666666664,0.0,0.0,0.0,1000010001
0.0,0.0,0.0,0.16830000000000211,59.997195,60.165495,0.0,0.0,0.0,1000010001
0.0,0.0,0.0,0.1705000000000041,59.99715833333333,60.167658333333335,0.0,0.0,0.0,1000010001
0.0,0.0,0.0,0.17269999999999897,59.997121666666665,60.169821666666664,0.0,0.0,0.0,1000010001
0.0,0.0,0.0,0.17490000000000094,59.997085,60.171985,0.0,0.0,0.0,1000010001
0.0,0.0,0.0,0.17710000000000292,59.99704833333333,60.174148333333335,0.0,0.0,0.0,1000010001
0.0,0.0,0.0,0.1793000000000049,59.997011666666666,60.17631166666667,0.0,0.0,0.0,1000010001
0.0,0.0,0.0,0.18149999999999977,59.996975,60.178475,0.0,0.0,0.0,1000010001
0.0,0.0,0.0,0.18370000000000175,59.99693833333333,60.180638333333334,0.0,0.0,0.0,1000010001
0.0,0.0,0.0,0.18590000000000373,59.996901666666666,60.18280166666667,0.0,0.0,0.0,1000010001
0.0,0.0,0.0,0.1880999999999986,59.996865,60.184965,0.0,0.0,0.0,1000010001
0.0,0.0,0.0,0.19030000000000058,59.99682833333333,60.187128333333334,0.0,0.0,0.0,1000010001
0.0,0.0,0.0,0.19250000000000256,59.99679166666667,60.18929166666667,0.0,0.0,0.0,1000010001
0.0,0.0,0.0,0.19470000000000454,59.996755,60.191455000000005,0.0,0.0,0.0,1000010001
0.0,0.0,0.0,0.1968999999999994,59.996718333333334,60.19361833333333,0.0,0.0,0.0,1000010001
0.0,0.0,0.0,0.1991000000000014,59.99668166666667,60.19578166666667,0.0,0.0,0.0,1000010001
0.0,0.0,0.0,0.20130000000000337,59.996645,60.197945000000004,0.0,0.0,0.0,1000010001
0.0,0.0,0.0,0.20350000000000534,59.996608333333334,60.20010833333334,0.0,0.0,0.0,1000010001
0.0,0.0,0.0,0.20570000000000022,59.99657166666667,60.20227166666667,0.0,0.0,0.0,1000010001
0.0,0.0,0.0,0.2079000000000022,59.996535,60.204435000000004,0.0,0.0,0.0,1000010001
0.0,0.0,0.0,0.21010000000000417,59.996498333333335,60.20659833333334,0.0,0.0,0.0,1000010001
0.0,0.0,0.0,0.21230000000000615,59.99646166666667,60.208761666666675,0.0,0.0,0.0,1000010001
0.0,0.0,0.0,0.21450000000000102,59.996425,60.210925,0.0,0.0,0.0,1000010001
0.0,0.0,0.0,0.216700000000003,59.996388333333336,60.21308833333334,0.0,0.0,0.0,1000010001
0.0,0.0,0.0,0.21890000000000498,59.99635166666667,60.215251666666674,0.0,0.0,0.0,1000010001
0.0,0.0,0.0,0.22109999999999985,59.996315,60.217415,0.0,0.0,0.0,1000010001
0.0,0.0,0.0,0.22330000000000183,59.996278333333336,60.21957833333334,0.0,0.0,0.0,1000010001
0.0,0.0,0.0,0.2255000000000038,59.99624166666667,60.221741666666674,0.0,0.0,0.0,1000010001
0.0,0.0,0.0,0.2277000000000058,59.996205,60.22390500000001,0.0,0.0,0.0,1000010001
0.0,0.0,0.0,0.22990000000000066,59.99616833333333,60.22606833333333,0.0,0.0,0.0,1000010001
0.0,0.0,0.0,0.23210000000000264,59.99613166666666,60.228231666666666,0.0,0.0,0.0,1000010001
0.0,0.0,0.0,0.23430000000000462,59.996095,60.230395,0.0,0.0,0.0,1000010001
0.0,0.0,0.0,0.2365000000000066,59.99605833333333,60.23255833333334,0.0,0.0,0.0,1000010001
0.0,0.0,0.0,0.23870000000000147,59.996021666666664,60.234721666666665,0.0,0.0,0.0,1000010001
0.0,0.0,0.0,0.24090000000000344,59.995985,60.236885,0.0,0.0,0.0,1000010001
0.0,0.0,0.0,0.24310000000000542,59.99594833333333,60.239048333333336,0.0,0.0,0.0,1000010001
0.0,0.0,0.0,0.2453000000000074,59.995911666666665,60.24121166666667,0.0,0.0,0.0,1000010001
0.0,0.0,0.0,0.24750000000000227,59.995875,60.243375,0.0,0.0,0.0,1000010001
0.0,0.0,0.0,0.24970000000000425,59.99583833333333,60.245538333333336,0.0,0.0,0.0,1000010001
0.0,0.0,0.0,0.25190000000000623,59.995801666666665,60.24770166666667,0.0,0.0,0.0,1000010001
0.0,0.0,0.0,0.2541000000000011,59.995765,60.249865,0.0,0.0,0.0,1000010001
0.0,0.0,0.0,0.2563000000000031,59.99572833333333,60.252028333333335,0.0,0.0,0.0,1000010001
0.0,0.0,0.0,0.25850000000000506,59.995691666666666,60.25419166666667,0.0,0.0,0.0,1000010001
0.0,0.0,0.0,0.26070000000000704,59.995655,60.256355000000006,0.0,0.0,0.0,1000010001
0.0,0.0,0.0,0.2629000000000019,59.99561833333333,60.258518333333335,0.0,0.0,0.0,1000010001
0.0,0.0,0.0,0.2651000000000039,59.995581666666666,60.26068166666667,0.0,0.0,0.0,1000010001
0.0,0.0,0.0,0.26730000000000587,59.995545,60.262845000000006,0.0,0.0,0.0,1000010001
0.0,0.0,0.0,0.26950000000000784,59.99550833333333,60.26500833333334,0.0,0.0,0.0,1000010001
0.0,0.0,0.0,0.2717000000000027,59.99547166666667,60.26717166666667,0.0,0.0,0.0,1000010001
0.0,0.0,0.0,0.2739000000000047,59.995435,60.269335000000005,0.0,0.0,0.0,1000010001
0.0,0.0,0.0,0.2761000000000067,59.995398333333334,60.27149833333334,0.0,0.0,0.0,1000010001
0.0,0.0,0.0,0.27830000000000865,59.99536166666667,60.273661666666676,0.0,0.0,0.0,1000010001
0.0,0.0,0.0,0.2805000000000035,59.995325,60.275825000000005,0.0,0.0,0.0,1000010001
0.0,0.0,0.0,0.2827000000000055,59.995288333333335,60.27798833333334,0.0,0.0,0.0,1000010001
0.0,0.0,0.0,0.2849000000000075,59.99525166666667,60.280151666666676,0.0,0.0,0.0,1000010001
0.0,0.0,0.0,0.28710000000000235,59.995215,60.282315000000004,0.0,0.0,0.0,1000010001
0.0,0.0,0.0,0.28930000000000433,59.995178333333335,60.28447833333334,0.0,0.0,0.0,1000010001
0.0,0.0,0.0,0.2915000000000063,59.99514166666667,60.286641666666675,0.0,0.0,0.0,1000010001
0.0,0.0,0.0,0.2937000000000083,59.995105,60.28880500000001,0.0,0.0,0.0,1000010001
0.0,0.0,0.0,0.29590000000000316,59.995068333333336,60.29096833333334,0.0,0.0,0.0,1000010001
0.0,0.0,0.0,0.29810000000000514,59.99503166666667,60.293131666666675,0.0,0.0,0.0,1000010001
0.0,0.0,0.0,0.3003000000000071,59.994995,60.29529500000001,0.0,0.0,0.0,1000010001
0.0,0.0,0.0,0.3025000000000091,59.99495833333334,60.297458333333346,0.0,0.0,0.0,1000010001
0.0,0.0,0.0,0.30470000000000397,59.99492166666667,60.299621666666674,0.0,0.0,0.0,1000010001
0.0,0.0,0.0,0.30690000000000595,59.994885,60.301785,0.0,0.0,0.0,1000010001
0.0,0.0,0.0,0.3091000000000079,59.99484833333333,60.30394833333334,0.0,0.0,0.0,1000010001
0.0,0.0,0.0,0.3113000000000099,59.99481166666666,60.30611166666667,0.0,0.0,0.0,1000010001
0.0,0.0,0.0,0.3135000000000048,59.994775,60.308275,0.0,0.0,0.0,1000010001
0.0,0.0,0.0,0.31570000000000675,59.99473833333333,60.31043833333334,0.0,0.0,0.0,1000010001
0.0,0.0,0.0,0.31790000000000873,59.994701666666664,60.31260166666667,0.0,0.0,0.0,1000010001
0.0,0.0,0.0,0.3201000000000036,59.994665,60.314765,0.0,0.0,0.0,1000010001
0.0,0.0,0.0,0.3223000000000056,59.99462833333333,60.31692833333334,0.0,0.0,0.0,1000010001
0.0,0.0,0.0,0.32450000000000756,59.994591666666665,60.31909166666667,0.0,0.0,0.0,1000010001
0.0,0.0,0.0,0.32670000000000954,59.994555,60.32125500000001,0.0,0.0,0.0,1000010001
0.0,0.0,0.0,0.3289000000000044,59.99451833333333,60.323418333333336,0.0,0.0,0.0,1000010001
0.0,0.0,0.0,0.3311000000000064,59.994481666666665,60.32558166666667,0.0,0.0,0.0,1000010001
0.0,0.0,0.0,0.33330000000000837,59.994445,60.32774500000001,0.0,0.0,0.0,1000010001
0.0,0.0,0.0,0.33550000000001035,59.99440833333333,60.32990833333334,0.0,0.0,0.0,1000010001
0.0,0.0,0.0,0.3377000000000052,59.994371666666666,60.33207166666667,0.0,0.0,0.0,1000010001
0.0,0.0,0.0,0.3399000000000072,59.994335,60.33423500000001,0.0,0.0,0.0,1000010001
0.0,0.0,0.0,0.3421000000000092,59.99429833333333,60.33639833333334,0.0,0.0,0.0,1000010001
0.0,0.0,0.0,0.34430000000001115,59.99426166666667,60.33856166666668,0.0,0.0,0.0,1000010001
0.0,0.0,0.0,0.346500000000006,59.994225,60.340725000000006,0.0,0.0,0.0,1000010001
0.0,0.0,0.0,0.348700000000008,59.994188333333334,60.34288833333334,0.0,0.0,0.0,1000010001
0.0,0.0,0.0,0.35090000000001,59.99415166666667,60.34505166666668,0.0,0.0,0.0,1000010001
0.0,0.0,0.0,0.35310000000000485,59.994115,60.347215000000006,0.0,0.0,0.0,1000010001
0.0,0.0,0.0,0.35530000000000683,59.994078333333334,60.34937833333334,0.0,0.0,0.0,1000010001
0.0,0.0,0.0,0.3575000000000088,59.99404166666667,60.35154166666668,0.0,0.0,0.0,1000010001
0.0,0.0,0.0,0.3597000000000108,59.994005,60.35370500000001,0.0,0.0,0.0,1000010001
0.0,0.0,0.0,0.36190000000000566,59.993968333333335,60.35586833333334,0.0,0.0,0.0,1000010001
0.0,0.0,0.0,0.36410000000000764,59.99393166666667,60.358031666666676,0.0,0.0,0.0,1000010001
0.0,0.0,0.0,0.3663000000000096,59.993895,60.36019500000001,0.0,0.0,0.0,1000010001
0.0,0.0,0.0,0.3685000000000116,59.993858333333336,60.36235833333335,0.0,0.0,0.0,1000010001
0.0,0.0,0.0,0.37070000000000647,59.99382166666667,60.364521666666676,0.0,0.0,0.0,1000010001
0.0,0.0,0.0,0.37290000000000845,59.993785,60.36668500000001,0.0,0.0,0.0,1000010001
0.0,0.0,0.0,0.3751000000000104,59.993748333333336,60.36884833333335,0.0,0.0,0.0,1000010001
0.0,0.0,0.0,0.3773000000000124,59.99371166666667,60.37101166666668,0.0,0.0,0.0,1000010001
0.0,0.0,0.0,0.3795000000000073,59.993675,60.37317500000001,0.0,0.0,0.0,1000010001
0.0,0.0,0.0,0.38170000000000925,59.99363833333334,60.375338333333346,0.0,0.0,0.0,1000010001
0.0,0.0,0.0,0.38390000000001123,59.99360166666666,60.377501666666674,0.0,0.0,0.0,1000010001
0.0,0.0,0.0,0.3861000000000061,59.993565,60.379665,0.0,0.0,0.0,1000010001
0.0,0.0,0.0,0.3883000000000081,59.99352833333333,60.38182833333334,0.0,0.0,0.0,1000010001
0.0,0.0,0.0,0.39050000000001006,59.993491666666664,60.383991666666674,0.0,0.0,0.0,1000010001
0.0,0.0,0.0,0.39270000000001204,59.993455,60.38615500000001,0.0,0.0,0.0,1000010001
0.0,0.0,0.0,0.3949000000000069,59.99341833333333,60.38831833333334,0.0,0.0,0.0,1000010001
0.0,0.0,0.0,0.3971000000000089,59.993381666666664,60.39048166666667,0.0,0.0,0.0,1000010001
0.0,0.0,0.0,0.39930000000001087,59.993345,60.39264500000001,0.0,0.0,0.0,1000010001
0.0,0.0,0.0,0.40150000000001285,59.99330833333333,60.394808333333344,0.0,0.0,0.0,1000010001
0.0,0.0,0.0,0.4037000000000077,59.993271666666665,60.39697166666667,0.0,0.0,0.0,1000010001
0.0,0.0,0.0,0.4059000000000097,59.993235,60.39913500000001,0.0,0.0,0.0,1000010001
0.0,0.0,0.0,0.4081000000000117,59.99319833333333,60.401298333333344,0.0,0.0,0.0,1000010001
0.0,0.0,0.0,0.41030000000001365,59.993161666666666,60.40346166666668,0.0,0.0,0.0,1000010001
0.0,0.0,0.0,0.4125000000000085,59.993125,60.40562500000001,0.0,0.0,0.0,1000010001
0.0,0.0,0.0,0.4147000000000105,59.99308833333333,60.40778833333334,0.0,0.0,0.0,1000010001
0.0,0.0,0.0,0.4169000000000125,59.993051666666666,60.40995166666668,0.0,0.0,0.0,1000010001
0.0,0.0,0.0,0.41910000000000736,59.993015,60.41211500000001,0.0,0.0,0.0,1000010001
0.0,0.0,0.0,0.42130000000000933,59.99297833333333,60.41427833333334,0.0,0.0,0.0,1000010001
0.0,0.0,0.0,0.4235000000000113,59.99294166666667,60.41644166666668,0.0,0.0,0.0,1000010001
0.0,0.0,0.0,0.4257000000000133,59.992905,60.418605000000014,0.0,0.0,0.0,1000010001
0.0,0.0,0.0,0.42790000000000816,59.992868333333334,60.42076833333334,0.0,0.0,0.0,1000010001
0.0,0.0,0.0,0.43010000000001014,59.99283166666667,60.42293166666668,0.0,0.0,0.0,1000010001
0.0,0.0,0.0,0.4323000000000121,59.992795,60.42509500000001,0.0,0.0,0.0,1000010001
0.0,0.0,0.0,0.4345000000000141,59.992758333333335,60.42725833333335,0.0,0.0,0.0,1000010001
0.0,0.0,0.0,0.43670000000000897,59.99272166666667,60.42942166666668,0.0,0.0,0.0,1000010001
0.0,0.0,0.0,0.43890000000001095,59.992685,60.43158500000001,0.0,0.0,0.0,1000010001
0.0,0.0,0.0,0.4411000000000129,59.992648333333335,60.43374833333335,0.0,0.0,0.0,1000010001
0.0,0.0,0.0,0.4433000000000149,59.99261166666667,60.435911666666684,0.0,0.0,0.0,1000010001
0.0,0.0,0.0,0.4455000000000098,59.992575,60.43807500000001,0.0,0.0,0.0,1000010001
0.0,0.0,0.0,0.44770000000001176,59.992538333333336,60.44023833333335,0.0,0.0,0.0,1000010001
0.0,0.0,0.0,0.44990000000001373,59.99250166666667,60.44240166666668,0.0,0.0,0.0,1000010001
0.0,0.0,0.0,0.4521000000000086,59.992465,60.44456500000001,0.0,0.0,0.0,1000010001
0.0,0.0,0.0,0.4543000000000106,59.992428333333336,60.44672833333335,0.0,0.0,0.0,1000010001
0.0,0.0,0.0,0.45650000000001256,59.99239166666667,60.44889166666668,0.0,0.0,0.0,1000010001
0.0,0.0,0.0,0.45870000000001454,59.992354999999996,60.45105500000001,0.0,0.0,0.0,1000010001
0.0,0.0,0.0,0.4609000000000094,59.99231833333333,60.45321833333334,0.0,0.0,0.0,1000010001
0.0,0.0,0.0,0.4631000000000114,59.99228166666666,60.455381666666675,0.0,0.0,0.0,1000010001
0.0,0.0,0.0,0.46530000000001337,59.992245,60.45754500000001,0.0,0.0,0.0,1000010001
0.0,0.0,0.0,0.46750000000001535,59.99220833333333,60.459708333333346,0.0,0.0,0.0,1000010001
0.0,0.0,0.0,0.4697000000000102,59.992171666666664,60.461871666666674,0.0,0.0,0.0,1000010001
0.0,0.0,0.0,0.4719000000000122,59.992135,60.46403500000001,0.0,0.0,0.0,1000010001
0.0,0.0,0.0,0.4741000000000142,59.99209833333333,60.466198333333345,0.0,0.0,0.0,1000010001
0.0,0.0,0.0,0.47630000000001615,59.992061666666665,60.46836166666668,0.0,0.0,0.0,1000010001
0.0,0.0,0.0,0.478500000000011,59.992025,60.47052500000001,0.0,0.0,0.0,1000010001
0.0,0.0,0.0,0.480700000000013,59.99198833333333,60.472688333333345,0.0,0.0,0.0,1000010001
0.0,0.0,0.0,0.482900000000015,59.991951666666665,60.47485166666668,0.0,0.0,0.0,1000010001
0.0,0.0,0.0,0.48510000000000986,59.991915,60.47701500000001,0.0,0.0,0.0,1000010001
0.0,0.0,0.0,0.48730000000001183,59.99187833333333,60.479178333333344,0.0,0.0,0.0,1000010001
0.0,0.0,0.0,0.4895000000000138,59.991841666666666,60.48134166666668,0.0,0.0,0.0,1000010001
0.0,0.0,0.0,0.4917000000000158,59.991805,60.483505000000015,0.0,0.0,0.0,1000010001
0.0,0.0,0.0,0.49390000000001066,59.99176833333333,60.485668333333344,0.0,0.0,0.0,1000010001
0.0,0.0,0.0,0.49610000000001264,59.99173166666667,60.48783166666668,0.0,0.0,0.0,1000010001
0.0,0.0,0.0,0.4983000000000146,59.991695,60.489995000000015,0.0,0.0,0.0,1000010001
0.0,0.0,0.0,0.5005000000000166,0.0,59.99165833333333,0.0,0.0,0.0,1000010001
0.0,0.0,0.0,0.5027000000000115,0.0,59.99162166666667,0.0,0.0,0.0,1000010001
0.0,0.0,0.0,0.5049000000000134,0.0,59.991585,0.0,0.0,0.0,1000010001
0.0,0.0,0.0,0.5071000000000154,0.0,59.991548333333334,0.0,0.0,0.0,1000010001
0.0,0.0,0.0,0.5093000000000174,0.0,59.99151166666667,0.0,0.0,0.0,1000010001
0.0,0.0,0.0,0.5115000000000123,0.0,59.991475,0.0,0.0,0.0,1000010001
0.0,0.0,0.0,0.5137000000000143,0.0,59.991438333333335,0.0,0.0,0.0,1000010001
0.0,0.0,0.0,0.5159000000000162,0.0,59.99140166666667,0.0,0.0,0.0,1000010001
0.0,0.0,0.0,0.5181000000000111,0.0,59.991365,0.0,0.0,0.0,1000010001
0.0,0.0,0.0,0.5203000000000131,0.0,59.991328333333335,0.0,0.0,0.0,1000010001
0.0,0.0,0.0,0.5225000000000151,0.0,59.99129166666667,0.0,0.0,0.0,1000010001
0.0,0.0,0.0,0.524700000000017,0.0,59.991255,0.0,0.0,0.0,1000010001
0.0,0.0,0.0,0.5269000000000119,0.0,59.991218333333336,0.0,0.0,0.0,1000010001
0.0,0.0,0.0,0.5291000000000139,0.0,59.99118166666667,0.0,0.0,0.0,1000010001
0.0,0.0,0.0,0.5313000000000159,0.0,59.991145,0.0,0.0,0.0,1000010001
0.0,0.0,0.0,0.5335000000000178,0.0,59.99110833333334,0.0,0.0,0.0,1000010001
0.0,0.0,0.0,0.5357000000000127,0.0,59.99107166666666,0.0,0.0,0.0,1000010001
0.0,0.0,0.0,0.5379000000000147,0.0,59.991035,0.0,0.0,0.0,1000010001
0.0,0.0,0.0,0.5401000000000167,0.0,59.99099833333333,0.0,0.0,0.0,1000010001
0.0,0.0,0.0,0.5423000000000187,0.0,59.990961666666664,0.0,0.0,0.0,1000010001
0.0,0.0,0.0,0.5445000000000135,0.0,59.990925,0.0,0.0,0.0,1000010001
0.0,0.0,0.0,0.5467000000000155,0.0,59.99088833333333,0.0,0.0,0.0,1000010001
0.0,0.0,0.0,0.5489000000000175,0.0,59.990851666666664,0.0,0.0,0.0,1000010001
0.0,0.0,0.0,0.5511000000000124,0.0,59.990815,0.0,0.0,0.0,1000010001
0.0,0.0,0.0,0.5533000000000143,0.0,59.99077833333333,0.0,0.0,0.0,1000010001
0.0,0.0,0.0,0.5555000000000163,0.0,59.990741666666665,0.0,0.0,0.0,1000010001
0.0,0.0,0.0,0.5577000000000183,0.0,59.990705,0.0,0.0,0.0,1000010001
0.0,0.0,0.0,0.5599000000000132,0.0,59.99066833333333,0.0,0.0,0.0,1000010001
0.0,0.0,0.0,0.5621000000000151,0.0,59.990631666666665,0.0,0.0,0.0,1000010001
0.0,0.0,0.0,0.5643000000000171,0.0,59.990595,0.0,0.0,0.0,1000010001
0.0,0.0,0.0,0.5665000000000191,0.0,59.99055833333333,0.0,0.0,0.0,1000010001
0.0,0.0,0.0,0.568700000000014,0.0,59.990521666666666,0.0,0.0,0.0,1000010001
0.0,0.0,0.0,0.570900000000016,0.0,59.990485,0.0,0.0,0.0,1000010001
0.0,0.0,0.0,0.5731000000000179,0.0,59.99044833333333,0.0,0.0,0.0,1000010001
0.0,0.0,0.0,0.5753000000000199,0.0,59.99041166666667,0.0,0.0,0.0,1000010001
0.0,0.0,0.0,0.5775000000000148,0.0,59.990375,0.0,0.0,0.0,1000010001
0.0,0.0,0.0,0.5797000000000168,0.0,59.990338333333334,0.0,0.0,0.0,1000010001
0.0,0.0,0.0,0.5819000000000187,0.0,59.99030166666667,0.0,0.0,0.0,1000010001
0.0,0.0,0.0,0.5841000000000136,0.0,59.990265,0.0,0.0,0.0,1000010001
0.0,0.0,0.0,0.5863000000000156,0.0,59.990228333333334,0.0,0.0,0.0,1000010001
0.0,0.0,0.0,0.5885000000000176,0.0,59.99019166666667,0.0,0.0,0.0,1000010001
0.0,0.0,0.0,0.5907000000000195,0.0,59.990155,0.0,0.0,0.0,1000010001
0.0,0.0,0.0,0.5929000000000144,0.0,59.990118333333335,0.0,0.0,0.0,1000010001
0.0,0.0,0.0,0.5951000000000164,0.0,59.99008166666667,0.0,0.0,0.0,1000010001
0.0,0.0,0.0,0.5973000000000184,0.0,59.990045,0.0,0.0,0.0,1000010001
0.0,0.0,0.0,0.5995000000000203,0.0,59.990008333333336,0.0,0.0,0.0,1000010001
0.0,0.0,0.0,0.6017000000000152,0.0,59.98997166666667,0.0,0.0,0.0,1000010001
0.0,0.0,0.0,0.6039000000000172,0.0,59.989935,0.0,0.0,0.0,1000010001
0.0,0.0,0.0,0.6061000000000192,0.0,59.989898333333336,0.0,0.0,0.0,1000010001
0.0,0.0,0.0,0.6083000000000212,0.0,59.98986166666667,0.0,0.0,0.0,1000010001
0.0,0.0,0.0,0.610500000000016,0.0,59.989824999999996,0.0,0.0,0.0,1000010001
0.0,0.0,0.0,0.612700000000018,0.0,59.98978833333333,0.0,0.0,0.0,1000010001
0.0,0.0,0.0,0.61490000000002,0.0,59.98975166666666,0.0,0.0,0.0,1000010001
0.0,0.0,0.0,0.6171000000000149,0.0,59.989715,0.0,0.0,0.0,1000010001
0.0,0.0,0.0,0.6193000000000168,0.0,59.98967833333333,0.0,0.0,0.0,1000010001
0.0,0.0,0.0,0.6215000000000188,0.0,59.989641666666664,0.0,0.0,0.0,1000010001
0.0,0.0,0.0,0.6237000000000208,0.0,59.989605,0.0,0.0,0.0,1000010001
0.0,0.0,0.0,0.6259000000000157,0.0,59.98956833333333,0.0,0.0,0.0,1000010001
0.0,0.0,0.0,0.6281000000000176,0.0,59.989531666666664,0.0,0.0,0.0,1000010001
0.0,0.0,0.0,0.6303000000000196,0.0,59.989495,0.0,0.0,0.0,1000010001
0.0,0.0,0.0,0.6325000000000216,0.0,59.98945833333333,0.0,0.0,0.0,1000010001
0.0,0.0,0.0,0.6347000000000165,0.0,59.989421666666665,0.0,0.0,0.0,1000010001
0.0,0.0,0.0,0.6369000000000185,0.0,59.989385,0.0,0.0,0.0,1000010001
0.0,0.0,0.0,0.6391000000000204,0.0,59.98934833333333,0.0,0.0,0.0,1000010001
0.0,0.0,0.0,0.6413000000000224,0.0,59.989311666666666,0.0,0.0,0.0,1000010001
0.0,0.0,0.0,0.6435000000000173,0.0,59.989275,0.0,0.0,0.0,1000010001
0.0,0.0,0.0,0.6457000000000193,0.0,59.98923833333333,0.0,0.0,0.0,1000010001
0.0,0.0,0.0,0.6479000000000212,0.0,59.989201666666666,0.0,0.0,0.0,1000010001
0.0,0.0,0.0,0.6501000000000161,0.0,59.989165,0.0,0.0,0.0,1000010001
0.0,0.0,0.0,0.6523000000000181,0.0,59.98912833333333,0.0,0.0,0.0,1000010001
0.0,0.0,0.0,0.6545000000000201,0.0,59.98909166666667,0.0,0.0,0.0,1000010001
0.0,0.0,0.0,0.656700000000022,0.0,59.989055,0.0,0.0,0.0,1000010001
0.0,0.0,0.0,0.6589000000000169,0.0,59.989018333333334,0.0,0.0,0.0,1000010001
0.0,0.0,0.0,0.6611000000000189,0.0,59.98898166666667,0.0,0.0,0.0,1000010001
0.0,0.0,0.0,0.6633000000000209,0.0,59.988945,0.0,0.0,0.0,1000010001
0.0,0.0,0.0,0.6655000000000229,0.0,59.988908333333335,0.0,0.0,0.0,1000010001
0.0,0.0,0.0,0.6677000000000177,0.0,59.98887166666667,0.0,0.0,0.0,1000010001
0.0,0.0,0.0,0.6699000000000197,0.0,59.988835,0.0,0.0,0.0,1000010001
0.0,0.0,0.0,0.6721000000000217,0.0,59.988798333333335,0.0,0.0,0.0,1000010001
0.0,0.0,0.0,0.6743000000000237,0.0,59.98876166666667,0.0,0.0,0.0,1000010001
0.0,0.0,0.0,0.6765000000000185,0.0,59.988725,0.0,0.0,0.0,1000010001
0.0,0.0,0.0,0.6787000000000205,0.0,59.988688333333336,0.0,0.0,0.0,1000010001
0.0,0.0,0.0,0.6809000000000225,0.0,59.98865166666667,0.0,0.0,0.0,1000010001
0.0,0.0,0.0,0.6831000000000174,0.0,59.988615,0.0,0.0,0.0,1000010001
0.0,0.0,0.0,0.6853000000000193,0.0,59.988578333333336,0.0,0.0,0.0,1000010001
0.0,0.0,0.0,0.6875000000000213,0.0,59.98854166666666,0.0,0.0,0.0,1000010001
0.0,0.0,0.0,0.6897000000000233,0.0,59.988504999999996,0.0,0.0,0.0,1000010001
0.0,0.0,0.0,0.6919000000000182,0.0,59.98846833333333,0.0,0.0,0.0,1000010001
0.0,0.0,0.0,0.6941000000000201,0.0,59.98843166666666,0.0,0.0,0.0,1000010001
0.0,0.0,0.0,0.6963000000000221,0.0,59.988395,0.0,0.0,0.0,1000010001
0.0,0.0,0.0,0.6985000000000241,0.0,59.98835833333333,0.0,0.0,0.0,1000010001
0.0,0.0,0.0,0.700700000000019,0.0,59.988321666666664,0.0,0.0,0.0,1000010001
0.0,0.0,0.0,0.702900000000021,0.0,59.988285,0.0,0.0,0.0,1000010001
0.0,0.0,0.0,0.7051000000000229,0.0,59.98824833333333,0.0,0.0,0.0,1000010001
0.0,0.0,0.0,0.7073000000000249,0.0,59.988211666666665,0.0,0.0,0.0,1000010001
0.0,0.0,0.0,0.7095000000000198,0.0,59.988175,0.0,0.0,0.0,1000010001
0.0,0.0,0.0,0.7117000000000218,0.0,59.98813833333333,0.0,0.0,0.0,1000010001
0.0,0.0,0.0,0.7139000000000237,0.0,59.988101666666665,0.0,0.0,0.0,1000010001
0.0,0.0,0.0,0.7161000000000186,0.0,59.988065,0.0,0.0,0.0,1000010001
0.0,0.0,0.0,0.7183000000000206,0.0,59.98802833333333,0.0,0.0,0.0,1000010001
0.0,0.0,0.0,0.7205000000000226,0.0,59.987991666666666,0.0,0.0,0.0,1000010001
0.0,0.0,0.0,0.7227000000000245,0.0,59.987955,0.0,0.0,0.0,1000010001
0.0,0.0,0.0,0.7249000000000194,0.0,59.98791833333333,0.0,0.0,0.0,1000010001
0.0,0.0,0.0,0.7271000000000214,0.0,59.98788166666667,0.0,0.0,0.0,1000010001
0.0,0.0,0.0,0.7293000000000234,0.0,59.987845,0.0,0.0,0.0,1000010001
0.0,0.0,0.0,0.7315000000000254,0.0,59.987808333333334,0.0,0.0,0.0,1000010001
0.0,0.0,0.0,0.7337000000000202,0.0,59.98777166666667,0.0,0.0,0.0,1000010001
0.0,0.0,0.0,0.7359000000000222,0.0,59.987735,0.0,0.0,0.0,1000010001
0.0,0.0,0.0,0.7381000000000242,0.0,59.987698333333334,0.0,0.0,0.0,1000010001
0.0,0.0,0.0,0.7403000000000262,0.0,59.98766166666667,0.0,0.0,0.0,1000010001
0.0,0.0,0.0,0.742500000000021,0.0,59.987625,0.0,0.0,0.0,1000010001
0.0,0.0,0.0,0.744700000000023,0.0,59.987588333333335,0.0,0.0,0.0,1000010001
0.0,0.0,0.0,0.746900000000025,0.0,59.98755166666667,0.0,0.0,0.0,1000010001
0.0,0.0,0.0,0.7491000000000199,0.0,59.987515,0.0,0.0,0.0,1000010001
0.0,0.0,0.0,0.7513000000000218,0.0,59.987478333333335,0.0,0.0,0.0,1000010001
0.0,0.0,0.0,0.7535000000000238,0.0,59.98744166666667,0.0,0.0,0.0,1000010001
0.0,0.0,0.0,0.7557000000000258,0.0,59.987405,0.0,0.0,0.0,1000010001
0.0,0.0,0.0,0.7579000000000207,0.0,59.987368333333336,0.0,0.0,0.0,1000010001
0.0,0.0,0.0,0.7601000000000226,0.0,59.98733166666667,0.0,0.0,0.0,1000010001
0.0,0.0,0.0,0.7623000000000246,0.0,59.987295,0.0,0.0,0.0,1000010001
0.0,0.0,0.0,0.7645000000000266,0.0,59.98725833333333,0.0,0.0,0.0,1000010001
0.0,0.0,0.0,0.7667000000000215,0.0,59.98722166666666,0.0,0.0,0.0,1000010001
0.0,0.0,0.0,0.7689000000000235,0.0,59.987185,0.0,0.0,0.0,1000010001
0.0,0.0,0.0,0.7711000000000254,0.0,59.98714833333333,0.0,0.0,0.0,1000010001
0.0,0.0,0.0,0.7733000000000274,0.0,59.987111666666664,0.0,0.0,0.0,1000010001
0.0,0.0,0.0,0.7755000000000223,0.0,59.987075,0.0,0.0,0.0,1000010001
0.0,0.0,0.0,0.7777000000000243,0.0,59.98703833333333,0.0,0.0,0.0,1000010001
0.0,0.0,0.0,0.7799000000000262,0.0,59.987001666666664,0.0,0.0,0.0,1000010001
0.0,0.0,0.0,0.7821000000000211,0.0,59.986965,0.0,0.0,0.0,1000010001
0.0,0.0,0.0,0.7843000000000231,0.0,59.98692833333333,0.0,0.0,0.0,1000010001
0.0,0.0,0.0,0.7865000000000251,0.0,59.986891666666665,0.0,0.0,0.0,1000010001
0.0,0.0,0.0,0.788700000000027,0.0,59.986855,0.0,0.0,0.0,1000010001
0.0,0.0,0.0,0.7909000000000219,0.0,59.98681833333333,0.0,0.0,0.0,1000010001
0.0,0.0,0.0,0.7931000000000239,0.0,59.986781666666666,0.0,0.0,0.0,1000010001
0.0,0.0,0.0,0.7953000000000259,0.0,59.986745,0.0,0.0,0.0,1000010001
0.0,0.0,0.0,0.7975000000000279,0.0,59.98670833333333,0.0,0.0,0.0,1000010001
0.0,0.0,0.0,0.7997000000000227,0.0,59.986671666666666,0.0,0.0,0.0,1000010001
0.0,0.0,0.0,0.8019000000000247,0.0,59.986635,0.0,0.0,0.0,1000010001
0.0,0.0,0.0,0.8041000000000267,0.0,59.98659833333333,0.0,0.0,0.0,1000010001
0.0,0.0,0.0,0.8063000000000287,0.0,59.98656166666667,0.0,0.0,0.0,1000010001
0.0,0.0,0.0,0.8085000000000235,0.0,59.986525,0.0,0.0,0.0,1000010001
0.0,0.0,0.0,0.8107000000000255,0.0,59.986488333333334,0.0,0.0,0.0,1000010001
0.0,0.0,0.0,0.8129000000000275,0.0,59.98645166666667,0.0,0.0,0.0,1000010001
0.0,0.0,0.0,0.8151000000000224,0.0,59.986415,0.0,0.0,0.0,1000010001
0.0,0.0,0.0,0.8173000000000243,0.0,59.986378333333334,0.0,0.0,0.0,1000010001
0.0,0.0,0.0,0.8195000000000263,0.0,59.98634166666667,0.0,0.0,0.0,1000010001
0.0,0.0,0.0,0.8217000000000283,0.0,59.986305,0.0,0.0,0.0,1000010001
0.0,0.0,0.0,0.8239000000000232,0.0,59.986268333333335,0.0,0.0,0.0,1000010001
0.0,0.0,0.0,0.8261000000000251,0.0,59.98623166666667,0.0,0.0,0.0,1000010001
0.0,0.0,0.0,0.8283000000000271,0.0,59.986195,0.0,0.0,0.0,1000010001
0.0,0.0,0.0,0.8305000000000291,0.0,59.986158333333336,0.0,0.0,0.0,1000010001
0.0,0.0,0.0,0.832700000000024,0.0,59.98612166666667,0.0,0.0,0.0,1000010001
0.0,0.0,0.0,0.834900000000026,0.0,59.986085,0.0,0.0,0.0,1000010001
0.0,0.0,0.0,0.8371000000000279,0.0,59.986048333333336,0.0,0.0,0.0,1000010001
0.0,0.0,0.0,0.8393000000000299,0.0,59.98601166666666,0.0,0.0,0.0,1000010001
0.0,0.0,0.0,0.8415000000000248,0.0,59.985974999999996,0.0,0.0,0.0,1000010001
0.0,0.0,0.0,0.8437000000000268,0.0,59.98593833333333,0.0,0.0,0.0,1000010001
0.0,0.0,0.0,0.8459000000000287,0.0,59.98590166666666,0.0,0.0,0.0,1000010001
0.0,0.0,0.0,0.8481000000000236,0.0,59.985865,0.0,0.0,0.0,1000010001
0.0,0.0,0.0,0.8503000000000256,0.0,59.98582833333333,0.0,0.0,0.0,1000010001
0.0,0.0,0.0,0.8525000000000276,0.0,59.985791666666664,0.0,0.0,0.0,1000010001
0.0,0.0,0.0,0.8547000000000295,0.0,59.985755,0.0,0.0,0.0,1000010001
0.0,0.0,0.0,0.8569000000000244,0.0,59.98571833333333,0.0,0.0,0.0,1000010001
0.0,0.0,0.0,0.8591000000000264,0.0,59.985681666666665,0.0,0.0,0.0,1000010001
0.0,0.0,0.0,0.8613000000000284,0.0,59.985645,0.0,0.0,0.0,1000010001
0.0,0.0,0.0,0.8635000000000304,0.0,59.98560833333333,0.0,0.0,0.0,1000010001
0.0,0.0,0.0,0.8657000000000252,0.0,59.985571666666665,0.0,0.0,0.0,1000010001
0.0,0.0,0.0,0.8679000000000272,0.0,59.985535,0.0,0.0,0.0,1000010001
0.0,0.0,0.0,0.8701000000000292,0.0,59.98549833333333,0.0,0.0,0.0,1000010001
0.0,0.0,0.0,0.8723000000000312,0.0,59.985461666666666,0.0,0.0,0.0,1000010001
0.0,0.0,0.0,0.874500000000026,0.0,59.985425,0.0,0.0,0.0,1000010001
0.0,0.0,0.0,0.876700000000028,0.0,59.98538833333333,0.0,0.0,0.0,1000010001
0.0,0.0,0.0,0.87890000000003,0.0,59.985351666666666,0.0,0.0,0.0,1000010001
0.0,0.0,0.0,0.8811000000000249,0.0,59.985315,0.0,0.0,0.0,1000010001
0.0,0.0,0.0,0.8833000000000268,0.0,59.98527833333333,0.0,0.0,0.0,1000010001
0.0,0.0,0.0,0.8855000000000288,0.0,59.98524166666667,0.0,0.0,0.0,1000010001
0.0,0.0,0.0,0.8877000000000308,0.0,59.985205,0.0,0.0,0.0,1000010001
0.0,0.0,0.0,0.8899000000000257,0.0,59.985168333333334,0.0,0.0,0.0,1000010001
0.0,0.0,0.0,0.8921000000000276,0.0,59.98513166666667,0.0,0.0,0.0,1000010001
0.0,0.0,0.0,0.8943000000000296,0.0,59.985095,0.0,0.0,0.0,1000010001
0.0,0.0,0.0,0.8965000000000316,0.0,59.985058333333335,0.0,0.0,0.0,1000010001
0.0,0.0,0.0,0.8987000000000265,0.0,59.98502166666667,0.0,0.0,0.0,1000010001
0.0,0.0,0.0,0.9009000000000285,0.0,59.984985,0.0,0.0,0.0,1000010001
0.0,0.0,0.0,0.9031000000000304,0.0,59.984948333333335,0.0,0.0,0.0,1000010001
0.0,0.0,0.0,0.9053000000000324,0.0,59.98491166666667,0.0,0.0,0.0,1000010001
0.0,0.0,0.0,0.9075000000000273,0.0,59.984875,0.0,0.0,0.0,1000010001
0.0,0.0,0.0,0.9097000000000293,0.0,59.984838333333336,0.0,0.0,0.0,1000010001
0.0,0.0,0.0,0.9119000000000312,0.0,59.98480166666667,0.0,0.0,0.0,1000010001
0.0,0.0,0.0,0.9141000000000261,0.0,59.984765,0.0,0.0,0.0,1000010001
0.0,0.0,0.0,0.9163000000000281,0.0,59.98472833333333,0.0,0.0,0.0,1000010001
0.0,0.0,0.0,0.9185000000000301,0.0,59.98469166666666,0.0,0.0,0.0,1000010001
0.0,0.0,0.0,0.920700000000032,0.0,59.984655,0.0,0.0,0.0,1000010001
0.0,0.0,0.0,0.9229000000000269,0.0,59.98461833333333,0.0,0.0,0.0,1000010001
0.0,0.0,0.0,0.9251000000000289,0.0,59.984581666666664,0.0,0.0,0.0,1000010001
0.0,0.0,0.0,0.9273000000000309,0.0,59.984545,0.0,0.0,0.0,1000010001
0.0,0.0,0.0,0.9295000000000329,0.0,59.98450833333333,0.0,0.0,0.0,1000010001
0.0,0.0,0.0,0.9317000000000277,0.0,59.984471666666664,0.0,0.0,0.0,1000010001
0.0,0.0,0.0,0.9339000000000297,0.0,59.984435,0.0,0.0,0.0,1000010001
0.0,0.0,0.0,0.9361000000000317,0.0,59.98439833333333,0.0,0.0,0.0,1000010001
0.0,0.0,0.0,0.9383000000000337,0.0,59.984361666666665,0.0,0.0,0.0,1000010001
0.0,0.0,0.0,0.9405000000000285,0.0,59.984325,0.0,0.0,0.0,1000010001
0.0,0.0,0.0,0.9427000000000305,0.0,59.98428833333333,0.0,0.0,0.0,1000010001
0.0,0.0,0.0,0.9449000000000325,0.0,59.984251666666665,0.0,0.0,0.0,1000010001
0.0,0.0,0.0,0.9471000000000274,0.0,59.984215,0.0,0.0,0.0,1000010001
0.0,0.0,0.0,0.9493000000000293,0.0,59.98417833333333,0.0,0.0,0.0,1000010001
0.0,0.0,0.0,0.9515000000000313,0.0,59.984141666666666,0.0,0.0,0.0,1000010001
0.0,0.0,0.0,0.9537000000000333,0.0,59.984105,0.0,0.0,0.0,1000010001
0.0,0.0,0.0,0.9559000000000282,0.0,59.98406833333333,0.0,0.0,0.0,1000010001
0.0,0.0,0.0,0.9581000000000301,0.0,59.98403166666667,0.0,0.0,0.0,1000010001
0.0,0.0,0.0,0.9603000000000321,0.0,59.983995,0.0,0.0,0.0,1000010001
0.0,0.0,0.0,0.9625000000000341,0.0,59.983958333333334,0.0,0.0,0.0,1000010001
0.0,0.0,0.0,0.964700000000029,0.0,59.98392166666667,0.0,0.0,0.0,1000010001
0.0,0.0,0.0,0.966900000000031,0.0,59.983885,0.0,0.0,0.0,1000010001
0.0,0.0,0.0,0.9691000000000329,0.0,59.983848333333334,0.0,0.0,0.0,1000010001
0.0,0.0,0.0,0.9713000000000349,0.0,59.98381166666667,0.0,0.0,0.0,1000010001
0.0,0.0,0.0,0.9735000000000298,0.0,59.983775,0.0,0.0,0.0,1000010001
0.0,0.0,0.0,0.9757000000000318,0.0,59.983738333333335,0.0,0.0,0.0,1000010001
0.0,0.0,0.0,0.9779000000000337,0.0,59.98370166666667,0.0,0.0,0.0,1000010001
0.0,0.0,0.0,0.9801000000000286,0.0,59.983665,0.0,0.0,0.0,1000010001
0.0,0.0,0.0,0.9823000000000306,0.0,59.983628333333336,0.0,0.0,0.0,1000010001
0.0,0.0,0.0,0.9845000000000326,0.0,59.98359166666667,0.0,0.0,0.0,1000010001
0.0,0.0,0.0,0.9867000000000345,0.0,59.983555,0.0,0.0,0.0,1000010001
0.0,0.0,0.0,0.9889000000000294,0.0,59.983518333333336,0.0,0.0,0.0,1000010001
0.0,0.0,0.0,0.9911000000000314,0.0,59.98348166666666,0.0,0.0,0.0,1000010001
0.0,0.0,0.0,0.9933000000000334,0.0,59.983444999999996,0.0,0.0,0.0,1000010001
0.0,0.0,0.0,0.9955000000000354,0.0,59.98340833333333,0.0,0.0,0.0,1000010001
0.0,0.0,0.0,0.9977000000000302,0.0,59.98337166666666,0.0,0.0,0.0,1000010001
0.0,0.0,0.0,0.9999000000000322,0.0,59.983335,0.0,0.0,0.0,1000010001
0.0,0.0,0.0,0.0,59.999964999999996,0.0021000000000327645,0.0,0.0,0.0,1000010001
0.0,0.0,0.0,0.0,59.99992833333333,0.004300000000032848,0.0,0.0,0.0,1000010001
0.0,0.0,0.0,0.0,59.99989166666666,0.006500000000032932,0.0,0.0,0.0,1000010001
0.0,0.0,0.0,0.0,59.999855,0.008700000000033015,0.0,0.0,0.0,1000010001
0.0,0.0,0.0,0.0,59.99981833333333,0.010900000000033098,0.0,0.0,0.0,1000010001
0.0,0.0,0.0,0.0,59.999781666666664,0.01310000000003318,0.0,0.0,0.0,1000010001
0.0,0.0,0.0,0.0,59.999745,0.015300000000033264,0.0,0.0,0.0,1000010001
0.0,0.0,0.0,0.0,59.99970833333333,0.017500000000033347,0.0,0.0,0.0,1000010001
0.0,0.0,0.0,0.0,59.999671666666664,0.01970000000003343,0.0,0.0,0.0,1000010001
0.0,0.0,0.0,0.0,59.999635,0.021900000000033514,0.0,0.0,0.0,1000010001
0.0,0.0,0.0,0.0,59.99959833333333,0.024100000000033598,0.0,0.0,0.0,1000010001
0.0,0.0,0.0,0.0,59.999561666666665,0.026300000000033682,0.0,0.0,0.0,1000010001
0.0,0.0,0.0,0.0,59.999525,0.028500000000033766,0.0,0.0,0.0,1000010001
0.0,0.0,0.0,0.0,59.99948833333333,0.03070000000003385,0.0,0.0,0.0,1000010001
0.0,0.0,0.0,0.0,59.999451666666666,0.03290000000003393,0.0,0.0,0.0,1000010001
0.0,0.0,0.0,0.0,59.999415,0.035100000000034014,0.0,0.0,0.0,1000010001
0.0,0.0,0.0,0.0,59.99937833333333,0.0373000000000341,0.0,0.0,0.0,1000010001
0.0,0.0,0.0,0.0,59.999341666666666,0.03950000000003418,0.0,0.0,0.0,1000010001
0.0,0.0,0.0,0.0,59.999305,0.041700000000034265,0.0,0.0,0.0,1000010001
0.0,0.0,0.0,0.0,59.99926833333333,0.04390000000003435,0.0,0.0,0.0,1000010001
0.0,0.0,0.0,0.0,59.99923166666667,0.04610000000003443,0.0,0.0,0.0,1000010001
0.0,0.0,0.0,0.0,59.999195,0.04830000000003452,0.0,0.0,0.0,1000010001
0.0,0.0,0.0,0.0,59.999158333333334,0.0505000000000346,0.0,0.0,0.0,1000010001
0.0,0.0,0.0,0.0,59.99912166666667,0.052700000000034684,0.0,0.0,0.0,1000010001
0.0,0.0,0.0,0.0,59.999085,0.05490000000003477,0.0,0.0,0.0,1000010001
0.0,0.0,0.0,0.0,59.999048333333334,0.05710000000003485,0.0,0.0,0.0,1000010001
0.0,0.0,0.0,0.0,59.99901166666667,0.05930000000003493,0.0,0.0,0.0,1000010001
0.0,0.0,0.0,0.0,59.998975,0.06150000000003501,0.0,0.0,0.0,1000010001
0.0,0.0,0.0,0.0,59.998938333333335,0.0637000000000351,0.0,0.0,0.0,1000010001
0.0,0.0,0.0,0.0,59.99890166666667,0.06590000000003518,0.0,0.0,0.0,1000010001
0.0,0.0,0.0,0.0,59.998865,0.06810000000003527,0.0,0.0,0.0,1000010001
0.0,0.0,0.0,0.0,59.998828333333336,0.07030000000003535,0.0,0.0,0.0,1000010001
0.0,0.0,0.0,0.0,59.99879166666667,0.07250000000003544,0.0,0.0,0.0,1000010001
0.0,0.0,0.0,0.0,59.998755,0.07470000000003552,0.0,0.0,0.0,1000010001
0.0,0.0,0.0,0.0,59.998718333333336,0.07690000000003559,0.0,0.0,0.0,1000010001
0.0,0.0,0.0,0.0,59.99868166666666,0.07910000000003568,0.0,0.0,0.0,1000010001
0.0,0.0,0.0,0.0,59.998644999999996,0.08130000000003576,0.0,0.0,0.0,1000010001
0.0,0.0,0.0,0.0,59.99860833333333,0.08350000000003585,0.0,0.0,0.0,1000010001
0.0,0.0,0.0,0.0,59.99857166666666,0.08570000000003593,0.0,0.0,0.0,1000010001
0.0,0.0,0.0,0.0,59.998535,0.08790000000003602,0.0,0.0,0.0,1000010001
0.0,0.0,0.0,0.0,59.99849833333333,0.0901000000000361,0.0,0.0,0.0,1000010001
0.0,0.0,0.0,0.0,59.998461666666664,0.09230000000003619,0.0,0.0,0.0,1000010001
0.0,0.0,0.0,0.0,59.998425,0.09450000000003626,0.0,0.0,0.0,1000010001
0.0,0.0,0.0,0.0,59.99838833333333,0.09670000000003635,0.0,0.0,0.0,1000010001
0.0,0.0,0.0,0.0,59.998351666666665,0.09890000000003643,0.0,0.0,0.0,1000010001
0.0,0.0,0.0,0.0,59.998315,0.10110000000003652,0.0,0.0,0.0,1000010001
0.0,0.0,0.0,0.0,59.99827833333333,0.1033000000000366,0.0,0.0,0.0,1000010001
0.0,0.0,0.0,0.0,59.998241666666665,0.10550000000003669,0.0,0.0,0.0,1000010001
0.0,0.0,0.0,0.0,59.998205,0.10770000000003677,0.0,0.0,0.0,1000010001
0.0,0.0,0.0,0.0,59.99816833333333,0.10990000000003684,0.0,0.0,0.0,1000010001
0.0,0.0,0.0,0.0,59.998131666666666,0.11210000000003693,0.0,0.0,0.0,1000010001
0.0,0.0,0.0,0.0,59.998095,0.11430000000003701,0.0,0.0,0.0,1000010001
0.0,0.0,0.0,0.0,59.99805833333333,0.1165000000000371,0.0,0.0,0.0,1000010001
0.0,0.0,0.0,0.0,59.998021666666666,0.11870000000003718,0.0,0.0,0.0,1000010001
0.0,0.0,0.0,0.0,59.997985,0.12090000000003727,0.0,0.0,0.0,1000010001
0.0,0.0,0.0,0.0,59.99794833333333,0.12310000000003735,0.0,0.0,0.0,1000010001
0.0,0.0,0.0,0.0,59.99791166666667,0.12530000000003744,0.0,0.0,0.0,1000010001
0.0,0.0,0.0,0.0,59.997875,0.12750000000003753,0.0,0.0,0.0,1000010001
0.0,0.0,0.0,0.0,59.997838333333334,0.1297000000000376,0.0,0.0,0.0,1000010001
0.0,0.0,0.0,0.0,59.99780166666667,0.13190000000003768,0.0,0.0,0.0,1000010001
0.0,0.0,0.0,0.0,59.997765,0.13410000000003777,0.0,0.0,0.0,1000010001
0.0,0.0,0.0,0.0,59.997728333333335,0.13630000000003786,0.0,0.0,0.0,1000010001
0.0,0.0,0.0,0.0,59.99769166666667,0.13850000000003793,0.0,0.0,0.0,1000010001
0.0,0.0,0.0,0.0,59.997655,0.14070000000003802,0.0,0.0,0.0,1000010001
0.0,0.0,0.0,0.0,59.997618333333335,0.1429000000000381,0.0,0.0,0.0,1000010001
0.0,0.0,0.0,0.0,59.99758166666667,0.14510000000003817,0.0,0.0,0.0,1000010001
0.0,0.0,0.0,0.0,59.997545,0.14730000000003826,0.0,0.0,0.0,1000010001
0.0,0.0,0.0,0.0,59.997508333333336,0.14950000000003835,0.0,0.0,0.0,1000010001
0.0,0.0,0.0,0.0,59.99747166666667,0.15170000000003844,0.0,0.0,0.0,1000010001
0.0,0.0,0.0,0.0,59.997434999999996,0.1539000000000385,0.0,0.0,0.0,1000010001
0.0,0.0,0.0,0.0,59.99739833333333,0.1561000000000386,0.0,0.0,0.0,1000010001
0.0,0.0,0.0,0.0,59.99736166666666,0.1583000000000387,0.0,0.0,0.0,1000010001
0.0,0.0,0.0,0.0,59.997325,0.16050000000003878,0.0,0.0,0.0,1000010001
0.0,0.0,0.0,0.0,59.99728833333333,0.16270000000003884,0.0,0.0,0.0,1000010001
0.0,0.0,0.0,0.0,59.99725166666666,0.16490000000003893,0.0,0.0,0.0,1000010001
0.0,0.0,0.0,0.0,59.997215,0.16710000000003902,0.0,0.0,0.0,1000010001
0.0,0.0,0.0,0.0,59.99717833333333,0.1693000000000391,0.0,0.0,0.0,1000010001
0.0,0.0,0.0,0.0,59.997141666666664,0.17150000000003918,0.0,0.0,0.0,1000010001
0.0,0.0,0.0,0.0,59.997105,0.17370000000003927,0.0,0.0,0.0,1000010001
0.0,0.0,0.0,0.0,59.99706833333333,0.17590000000003936,0.0,0.0,0.0,1000010001
0.0,0.0,0.0,0.0,59.997031666666665,0.17810000000003942,0.0,0.0,0.0,1000010001
0.0,0.0,0.0,0.0,59.996995,0.1803000000000395,0.0,0.0,0.0,1000010001
0.0,0.0,0.0,0.0,59.99695833333333,0.1825000000000396,0.0,0.0,0.0,1000010001
0.0,0.0,0.0,0.0,59.996921666666665,0.1847000000000397,0.0,0.0,0.0,1000010001
0.0,0.0,0.0,0.0,59.996885,0.18690000000003976,0.0,0.0,0.0,1000010001
0.0,0.0,0.0,0.0,59.99684833333333,0.18910000000003985,0.0,0.0,0.0,1000010001
0.0,0.0,0.0,0.0,59.996811666666666,0.19130000000003994,0.0,0.0,0.0,1000010001
0.0,0.0,0.0,0.0,59.996775,0.19350000000004003,0.0,0.0,0.0,1000010001
0.0,0.0,0.0,0.0,59.99673833333333,0.1957000000000401,0.0,0.0,0.0,1000010001
0.0,0.0,0.0,0.0,59.99670166666667,0.19790000000004018,0.0,0.0,0.0,1000010001
0.0,0.0,0.0,0.0,59.996665,0.20010000000004027,0.0,0.0,0.0,1000010001
0.0,0.0,0.0,0.0,59.996628333333334,0.20230000000004036,0.0,0.0,0.0,1000010001
0.0,0.0,0.0,0.0,59.99659166666667,0.20450000000004043,0.0,0.0,0.0,1000010001
0.0,0.0,0.0,0.0,59.996555,0.20670000000004052,0.0,0.0,0.0,1000010001
0.0,0.0,0.0,0.0,59.996518333333334,0.2089000000000406,0.0,0.0,0.0,1000010001
0.0,0.0,0.0,0.0,59.99648166666667,0.21110000000004067,0.0,0.0,0.0,1000010001
0.0,0.0,0.0,0.0,59.996445,0.21330000000004076,0.0,0.0,0.0,1000010001
0.0,0.0,0.0,0.0,59.996408333333335,0.21550000000004085,0.0,0.0,0.0,1000010001
0.0,0.0,0.0,0.0,59.99637166666667,0.21770000000004094,0.0,0.0,0.0,1000010001
0.0,0.0,0.0,0.0,59.996335,0.219900000000041,0.0,0.0,0.0,1000010001
0.0,0.0,0.0,0.0,59.996298333333336,0.2221000000000411,0.0,0.0,0.0,1000010001
0.0,0.0,0.0,0.0,59.99626166666667,0.2243000000000412,0.0,0.0,0.0,1000010001
0.0,0.0,0.0,0.0,59.996225,0.22650000000004128,0.0,0.0,0.0,1000010001
0.0,0.0,0.0,0.0,59.996188333333336,0.22870000000004134,0.0,0.0,0.0,1000010001
0.0,0.0,0.0,0.0,59.99615166666666,0.23090000000004143,0.0,0.0,0.0,1000010001
0.0,0.0,0.0,0.0,59.996114999999996,0.23310000000004152,0.0,0.0,0.0,1000010001
0.0,0.0,0.0,0.0,59.99607833333333,0.23530000000004161,0.0,0.0,0.0,1000010001
0.0,0.0,0.0,0.0,59.99604166666666,0.23750000000004168,0.0,0.0,0.0,1000010001
0.0,0.0,0.0,0.0,59.996005,0.23970000000004177,0.0,0.0,0.0,1000010001
0.0,0.0,0.0,0.0,59.99596833333333,0.24190000000004186,0.0,0.0,0.0,1000010001
0.0,0.0,0.0,0.0,59.995931666666664,0.24410000000004192,0.0,0.0,0.0,1000010001
0.0,0.0,0.0,0.0,59.995895,0.246300000000042,0.0,0.0,0.0,1000010001
0.0,0.0,0.0,0.0,59.99585833333333,0.2485000000000421,0.0,0.0,0.0,1000010001
0.0,0.0,0.0,0.0,59.995821666666664,0.25070000000004217,0.0,0.0,0.0,1000010001
0.0,0.0,0.0,0.0,59.995785,0.25290000000004226,0.0,0.0,0.0,1000010001
0.0,0.0,0.0,0.0,59.99574833333333,0.25510000000004235,0.0,0.0,0.0,1000010001
0.0,0.0,0.0,0.0,59.995711666666665,0.25730000000004244,0.0,0.0,0.0,1000010001
0.0,0.0,0.0,0.0,59.995675,0.25950000000004253,0.0,0.0,0.0,1000010001
0.0,0.0,0.0,0.0,59.99563833333333,0.2617000000000426,0.0,0.0,0.0,1000010001
0.0,0.0,0.0,0.0,59.995601666666666,0.2639000000000427,0.0,0.0,0.0,1000010001
0.0,0.0,0.0,0.0,59.995565,0.26610000000004275,0.0,0.0,0.0,1000010001
0.0,0.0,0.0,0.0,59.99552833333333,0.26830000000004284,0.0,0.0,0.0,1000010001
0.0,0.0,0.0,0.0,59.995491666666666,0.27050000000004293,0.0,0.0,0.0,1000010001
0.0,0.0,0.0,0.0,59.995455,0.272700000000043,0.0,0.0,0.0,1000010001
0.0,0.0,0.0,0.0,59.99541833333333,0.2749000000000431,0.0,0.0,0.0,1000010001
0.0,0.0,0.0,0.0,59.99538166666667,0.2771000000000432,0.0,0.0,0.0,1000010001
0.0,0.0,0.0,0.0,59.995345,0.2793000000000433,0.0,0.0,0.0,1000010001
0.0,0.0,0.0,0.0,59.995308333333334,0.2815000000000433,0.0,0.0,0.0,1000010001
0.0,0.0,0.0,0.0,59.99527166666667,0.2837000000000434,0.0,0.0,0.0,1000010001
0.0,0.0,0.0,0.0,59.995235,0.2859000000000435,0.0,0.0,0.0,1000010001
0.0,0.0,0.0,0.0,59.995198333333335,0.2881000000000436,0.0,0.0,0.0,1000010001
0.0,0.0,0.0,0.0,59.99516166666667,0.2903000000000437,0.0,0.0,0.0,1000010001
0.0,0.0,0.0,0.0,59.995125,0.2925000000000438,0.0,0.0,0.0,1000010001
0.0,0.0,0.0,0.0,59.995088333333335,0.29470000000004387,0.0,0.0,0.0,1000010001
0.0,0.0,0.0,0.0,59.99505166666667,0.29690000000004396,0.0,0.0,0.0,1000010001
0.0,0.0,0.0,0.0,59.995015,0.299100000000044,0.0,0.0,0.0,1000010001
0.0,0.0,0.0,0.0,59.994978333333336,0.3013000000000441,0.0,0.0,0.0,1000010001
0.0,0.0,0.0,0.0,59.99494166666667,0.3035000000000442,0.0,0.0,0.0,1000010001
0.0,0.0,0.0,0.0,59.994905,0.30570000000004427,0.0,0.0,0.0,1000010001
0.0,0.0,0.0,0.0,59.99486833333333,0.30790000000004436,0.0,0.0,0.0,1000010001
0.0,0.0,0.0,0.0,59.99483166666666,0.31010000000004445,0.0,0.0,0.0,1000010001
0.0,0.0,0.0,0.0,59.994794999999996,0.31230000000004454,0.0,0.0,0.0,1000010001
0.0,0.0,0.0,0.0,59.99475833333333,0.3145000000000446,0.0,0.0,0.0,1000010001
0.0,0.0,0.0,0.0,59.99472166666666,0.31670000000004467,0.0,0.0,0.0,1000010001
0.0,0.0,0.0,0.0,59.994685,0.31890000000004476,0.0,0.0,0.0,1000010001
0.0,0.0,0.0,0.0,59.99464833333333,0.32110000000004485,0.0,0.0,0.0,1000010001
0.0,0.0,0.0,0.0,59.994611666666664,0.32330000000004494,0.0,0.0,0.0,1000010001
0.0,0.0,0.0,0.0,59.994575,0.32550000000004503,0.0,0.0,0.0,1000010001
0.0,0.0,0.0,0.0,59.99453833333333,0.3277000000000451,0.0,0.0,0.0,1000010001
0.0,0.0,0.0,0.0,59.994501666666665,0.3299000000000452,0.0,0.0,0.0,1000010001
0.0,0.0,0.0,0.0,59.994465,0.33210000000004525,0.0,0.0,0.0,1000010001
0.0,0.0,0.0,0.0,59.99442833333333,0.33430000000004534,0.0,0.0,0.0,1000010001
0.0,0.0,0.0,0.0,59.994391666666665,0.33650000000004543,0.0,0.0,0.0,1000010001
0.0,0.0,0.0,0.0,59.994355,0.3387000000000455,0.0,0.0,0.0,1000010001
0.0,0.0,0.0,0.0,59.99431833333333,0.3409000000000456,0.0,0.0,0.0,1000010001
0.0,0.0,0.0,0.0,59.994281666666666,0.3431000000000457,0.0,0.0,0.0,1000010001
0.0,0.0,0.0,0.0,59.994245,0.3453000000000458,0.0,0.0,0.0,1000010001
0.0,0.0,0.0,0.0,59.99420833333333,0.34750000000004583,0.0,0.0,0.0,1000010001
0.0,0.0,0.0,0.0,59.99417166666667,0.3497000000000459,0.0,0.0,0.0,1000010001
0.0,0.0,0.0,0.0,59.994135,0.351900000000046,0.0,0.0,0.0,1000010001
0.0,0.0,0.0,0.0,59.99409833333333,0.3541000000000461,0.0,0.0,0.0,1000010001
0.0,0.0,0.0,0.0,59.99406166666667,0.3563000000000462,0.0,0.0,0.0,1000010001
0.0,0.0,0.0,0.0,59.994025,0.3585000000000463,0.0,0.0,0.0,1000010001
0.0,0.0,0.0,0.0,59.993988333333334,0.3607000000000464,0.0,0.0,0.0,1000010001
0.0,0.0,0.0,0.0,59.99395166666667,0.36290000000004646,0.0,0.0,0.0,1000010001
0.0,0.0,0.0,0.0,59.993915,0.3651000000000465,0.0,0.0,0.0,1000010001
0.0,0.0,0.0,0.0,59.993878333333335,0.3673000000000466,0.0,0.0,0.0,1000010001
0.0,0.0,0.0,0.0,59.99384166666667,0.3695000000000467,0.0,0.0,0.0,1000010001
0.0,0.0,0.0,0.0,59.993805,0.37170000000004677,0.0,0.0,0.0,1000010001
0.0,0.0,0.0,0.0,59.993768333333335,0.37390000000004686,0.0,0.0,0.0,1000010001
0.0,0.0,0.0,0.0,59.99373166666667,0.37610000000004695,0.0,0.0,0.0,1000010001
0.0,0.0,0.0,0.0,59.993695,0.37830000000004704,0.0,0.0,0.0,1000010001
0.0,0.0,0.0,0.0,59.993658333333336,0.3805000000000471,0.0,0.0,0.0,1000010001
0.0,0.0,0.0,0.0,59.99362166666666,0.38270000000004717,0.0,0.0,0.0,1000010001
0.0,0.0,0.0,0.0,59.993584999999996,0.38490000000004726,0.0,0.0,0.0,1000010001
0.0,0.0,0.0,0.0,59.99354833333333,0.38710000000004735,0.0,0.0,0.0,1000010001
0.0,0.0,0.0,0.0,59.99351166666666,0.38930000000004744,0.0,0.0,0.0,1000010001
0.0,0.0,0.0,0.0,59.993475,0.39150000000004753,0.0,0.0,0.0,1000010001
0.0,0.0,0.0,0.0,59.99343833333333,0.3937000000000476,0.0,0.0,0.0,1000010001
0.0,0.0,0.0,0.0,59.993401666666664,0.3959000000000477,0.0,0.0,0.0,1000010001
0.0,0.0,0.0,0.0,59.993365,0.39810000000004775,0.0,0.0,0.0,1000010001
0.0,0.0,0.0,0.0,59.99332833333333,0.40030000000004784,0.0,0.0,0.0,1000010001
0.0,0.0,0.0,0.0,59.993291666666664,0.40250000000004793,0.0,0.0,0.0,1000010001
0.0,0.0,0.0,0.0,59.993255,0.404700000000048,0.0,0.0,0.0,1000010001
0.0,0.0,0.0,0.0,59.99321833333333,0.4069000000000481,0.0,0.0,0.0,1000010001
0.0,0.0,0.0,0.0,59.993181666666665,0.4091000000000482,0.0,0.0,0.0,1000010001
0.0,0.0,0.0,0.0,59.993145,0.4113000000000483,0.0,0.0,0.0,1000010001
0.0,0.0,0.0,0.0,59.99310833333333,0.41350000000004833,0.0,0.0,0.0,1000010001
0.0,0.0,0.0,0.0,59.993071666666665,0.4157000000000484,0.0,0.0,0.0,1000010001
0.0,0.0,0.0,0.0,59.993035,0.4179000000000485,0.0,0.0,0.0,1000010001
0.0,0.0,0.0,0.0,59.99299833333333,0.4201000000000486,0.0,0.0,0.0,1000010001
0.0,0.0,0.0,0.0,59.992961666666666,0.4223000000000487,0.0,0.0,0.0,1000010001
0.0,0.0,0.0,0.0,59.992925,0.4245000000000488,0.0,0.0,0.0,1000010001
0.0,0.0,0.0,0.0,59.99288833333333,0.4267000000000489,0.0,0.0,0.0,1000010001
0.0,0.0,0.0,0.0,59.99285166666667,0.42890000000004896,0.0,0.0,0.0,1000010001
0.0,0.0,0.0,0.0,59.992815,0.431100000000049,0.0,0.0,0.0,1000010001
0.0,0.0,0.0,0.0,59.992778333333334,0.4333000000000491,0.0,0.0,0.0,1000010001
0.0,0.0,0.0,0.0,59.99274166666667,0.4355000000000492,0.0,0.0,0.0,1000010001
0.0,0.0,0.0,0.0,59.992705,0.43770000000004927,0.0,0.0,0.0,1000010001
0.0,0.0,0.0,0.0,59.992668333333334,0.43990000000004936,0.0,0.0,0.0,1000010001
0.0,0.0,0.0,0.0,59.99263166666667,0.44210000000004945,0.0,0.0,0.0,1000010001
0.0,0.0,0.0,0.0,59.992595,0.44430000000004954,0.0,0.0,0.0,1000010001
0.0,0.0,0.0,0.0,59.992558333333335,0.4465000000000496,0.0,0.0,0.0,1000010001
0.0,0.0,0.0,0.0,59.99252166666667,0.44870000000004967,0.0,0.0,0.0,1000010001
0.0,0.0,0.0,0.0,59.992485,0.45090000000004976,0.0,0.0,0.0,1000010001
0.0,0.0,0.0,0.0,59.992448333333336,0.45310000000004985,0.0,0.0,0.0,1000010001
0.0,0.0,0.0,0.0,59.99241166666667,0.45530000000004994,0.0,0.0,0.0,1000010001
0.0,0.0,0.0,0.0,59.992375,0.45750000000005003,0.0,0.0,0.0,1000010001
0.0,0.0,0.0,0.0,59.99233833333333,0.4597000000000501,0.0,0.0,0.0,1000010001
0.0,0.0,0.0,0.0,59.99230166666666,0.4619000000000502,0.0,0.0,0.0,1000010001
0.0,0.0,0.0,0.0,59.992264999999996,0.46410000000005025,0.0,0.0,0.0,1000010001
0.0,0.0,0.0,0.0,59.99222833333333,0.46630000000005034,0.0,0.0,0.0,1000010001
0.0,0.0,0.0,0.0,59.99219166666666,0.46850000000005043,0.0,0.0,0.0,1000010001
0.0,0.0,0.0,0.0,59.992155,0.4707000000000505,0.0,0.0,0.0,1000010001
0.0,0.0,0.0,0.0,59.99211833333333,0.4729000000000506,0.0,0.0,0.0,1000010001
0.0,0.0,0.0,0.0,59.992081666666664,0.4751000000000507,0.0,0.0,0.0,1000010001
0.0,0.0,0.0,0.0,59.992045,0.4773000000000508,0.0,0.0,0.0,1000010001
0.0,0.0,0.0,0.0,59.99200833333333,0.47950000000005083,0.0,0.0,0.0,1000010001
0.0,0.0,0.0,0.0,59.991971666666664,0.4817000000000509,0.0,0.0,0.0,1000010001
0.0,0.0,0.0,0.0,59.991935,0.483900000000051,0.0,0.0,0.0,1000010001
0.0,0.0,0.0,0.0,59.99189833333333,0.4861000000000511,0.0,0.0,0.0,1000010001
0.0,0.0,0.0,0.0,59.991861666666665,0.4883000000000512,0.0,0.0,0.0,1000010001
0.0,0.0,0.0,0.0,59.991825,0.4905000000000513,0.0,0.0,0.0,1000010001
0.0,0.0,0.0,0.0,59.99178833333333,0.4927000000000514,0.0,0.0,0.0,1000010001
0.0,0.0,0.0,0.0,59.991751666666666,0.49490000000005147,0.0,0.0,0.0,1000010001
0.0,0.0,0.0,0.0,59.991715,0.4971000000000515,0.0,0.0,0.0,1000010001
0.0,0.0,0.0,0.0,59.99167833333333,0.4993000000000516,0.0,0.0,0.0,1000010001
0.0,0.0,0.0,0.0,0.0,0.0,0.0,0.0,0.0,1000010001
0.0,0.0,0.0,0.0,0.0,0.0,0.0,0.0,0.0,1000010001
0.0,0.0,0.0,0.0,0.0,0.0,0.0,0.0,0.0,1000010001
0.0,0.0,0.0,0.0,0.0,0.0,0.0,0.0,0.0,1000010001
0.0,0.0,0.0,0.0,0.0,0.0,0.0,0.0,0.0,1000010001
0.0,0.0,0.0,0.0,0.0,0.0,0.0,0.0,0.0,1000010001
0.0,0.0,0.0,0.0,0.0,0.0,0.0,0.0,0.0,1000010001
0.0,0.0,0.0,0.0,0.0,0.0,0.0,0.0,0.0,1000010001
0.0,0.0,0.0,0.0,0.0,0.0,0.0,0.0,0.0,1000010001
0.0,0.0,0.0,0.0,0.0,0.0,0.0,0.0,0.0,1000010001
0.0,0.0,0.0,0.0,0.0,0.0,0.0,0.0,0.0,1000010001
0.0,0.0,0.0,0.0,0.0,0.0,0.0,0.0,0.0,1000010001
0.0,0.0,0.0,0.0,0.0,0.0,0.0,0.0,0.0,1000010001
0.0,0.0,0.0,0.0,0.0,0.0,0.0,0.0,0.0,1000010001
0.0,0.0,0.0,0.0,0.0,0.0,0.0,0.0,0.0,1000010001
0.0,0.0,0.0,0.0,0.0,0.0,0.0,0.0,0.0,1000010001
0.0,0.0,0.0,0.0,0.0,0.0,0.0,0.0,0.0,1000010001
0.0,0.0,0.0,0.0,0.0,0.0,0.0,0.0,0.0,1000010001
0.0,0.0,0.0,0.0,0.0,0.0,0.0,0.0,0.0,1000010001
0.0,0.0,0.0,0.0,0.0,0.0,0.0,0.0,0.0,1000010001
0.0,0.0,0.0,0.0,0.0,0.0,0.0,0.0,0.0,1000010001
0.0,0.0,0.0,0.0,0.0,0.0,0.0,0.0,0.0,1000010001
0.0,0.0,0.0,0.0,0.0,0.0,0.0,0.0,0.0,1000010001
0.0,0.0,0.0,0.0,0.0,0.0,0.0,0.0,0.0,1000010001
0.0,0.0,0.0,0.0,0.0,0.0,0.0,0.0,0.0,1000010001
0.0,0.0,0.0,0.0,0.0,0.0,0.0,0.0,0.0,1000010001
0.0,0.0,0.0,0.0,0.0,0.0,0.0,0.0,0.0,1000010001
0.0,0.0,0.0,0.0,0.0,0.0,0.0,0.0,0.0,1000010001
0.0,0.0,0.0,0.0,0.0,0.0,0.0,0.0,0.0,1000010001
0.0,0.0,0.0,0.0,0.0,0.0,0.0,0.0,0.0,1000010001
0.0,0.0,0.0,0.0,0.0,0.0,0.0,0.0,0.0,1000010001
0.0,0.0,0.0,0.0,0.0,0.0,0.0,0.0,0.0,1000010001
0.0,0.0,0.0,0.0,0.0,0.0,0.0,0.0,0.0,1000010001
0.0,0.0,0.0,0.0,0.0,0.0,0.0,0.0,0.0,1000010001
0.0,0.0,0.0,0.0,0.0,0.0,0.0,0.0,0.0,1000010001
0.0,0.0,0.0,0.0,0.0,0.0,0.0,0.0,0.0,1000010001
0.0,0.0,0.0,0.0,0.0,0.0,0.0,0.0,0.0,1000010001
0.0,0.0,0.0,0.0,0.0,0.0,0.0,0.0,0.0,1000010001
0.0,0.0,0.0,0.0,0.0,0.0,0.0,0.0,0.0,1000010001
0.0,0.0,0.0,0.0,0.0,0.0,0.0,0.0,0.0,1000010001
0.0,0.0,0.0,0.0,0.0,0.0,0.0,0.0,0.0,1000010001
0.0,0.0,0.0,0.0,0.0,0.0,0.0,0.0,0.0,1000010001
0.0,0.0,0.0,0.0,0.0,0.0,0.0,0.0,0.0,1000010001
0.0,0.0,0.0,0.0,0.0,0.0,0.0,0.0,0.0,1000010001
0.0,0.0,0.0,0.0,0.0,0.0,0.0,0.0,0.0,1000010001
0.0,0.0,0.0,0.0,0.0,0.0,0.0,0.0,0.0,1000010001
0.0,0.0,0.0,0.0,0.0,0.0,0.0,0.0,0.0,1000010001
0.0,0.0,0.0,0.0,0.0,0.0,0.0,0.0,0.0,1000010001
0.0,0.0,0.0,0.0,0.0,0.0,0.0,0.0,0.0,1000010001
0.0,0.0,0.0,0.0,0.0,0.0,0.0,0.0,0.0,1000010001
0.0,0.0,0.0,0.0,0.0,0.0,0.0,0.0,0.0,1000010001
0.0,0.0,0.0,0.0,0.0,0.0,0.0,0.0,0.0,1000010001
0.0,0.0,0.0,0.0,0.0,0.0,0.0,0.0,0.0,1000010001
0.0,0.0,0.0,0.0,0.0,0.0,0.0,0.0,0.0,1000010001
0.0,0.0,0.0,0.0,0.0,0.0,0.0,0.0,0.0,1000010001
0.0,0.0,0.0,0.0,0.0,0.0,0.0,0.0,0.0,1000010001
0.0,0.0,0.0,0.0,0.0,0.0,0.0,0.0,0.0,1000010001
0.0,0.0,0.0,0.0,0.0,0.0,0.0,0.0,0.0,1000010001
0.0,0.0,0.0,0.0,0.0,0.0,0.0,0.0,0.0,1000010001
0.0,0.0,0.0,0.0,0.0,0.0,0.0,0.0,0.0,1000010001
0.0,0.0,0.0,0.0,0.0,0.0,0.0,0.0,0.0,1000010001
0.0,0.0,0.0,0.0,0.0,0.0,0.0,0.0,0.0,1000010001
0.0,0.0,0.0,0.0,0.0,0.0,0.0,0.0,0.0,1000010001
0.0,0.0,0.0,0.0,0.0,0.0,0.0,0.0,0.0,1000010001
0.0,0.0,0.0,0.0,0.0,0.0,0.0,0.0,0.0,1000010001
0.0,0.0,0.0,0.0,0.0,0.0,0.0,0.0,0.0,1000010001
0.0,0.0,0.0,0.0,0.0,0.0,0.0,0.0,0.0,1000010001
0.0,0.0,0.0,0.0,0.0,0.0,0.0,0.0,0.0,1000010001
0.0,0.0,0.0,0.0,0.0,0.0,0.0,0.0,0.0,1000010001
0.0,0.0,0.0,0.0,0.0,0.0,0.0,0.0,0.0,1000010001
0.0,0.0,0.0,0.0,0.0,0.0,0.0,0.0,0.0,1000010001
0.0,0.0,0.0,0.0,0.0,0.0,0.0,0.0,0.0,1000010001
0.0,0.0,0.0,0.0,0.0,0.0,0.0,0.0,0.0,1000010001
0.0,0.0,0.0,0.0,0.0,0.0,0.0,0.0,0.0,1000010001
0.0,0.0,0.0,0.0,0.0,0.0,0.0,0.0,0.0,1000010001
0.0,0.0,0.0,0.0,0.0,0.0,0.0,0.0,0.0,1000010001
0.0,0.0,0.0,0.0,0.0,0.0,0.0,0.0,0.0,1000010001
0.0,0.0,0.0,0.0,0.0,0.0,0.0,0.0,0.0,1000010001
0.0,0.0,0.0,0.0,0.0,0.0,0.0,0.0,0.0,1000010001
0.0,0.0,0.0,0.0,0.0,0.0,0.0,0.0,0.0,1000010001
0.0,0.0,0.0,0.0,0.0,0.0,0.0,0.0,0.0,1000010001
0.0,0.0,0.0,0.0,0.0,0.0,0.0,0.0,0.0,1000010001
0.0,0.0,0.0,0.0,0.0,0.0,0.0,0.0,0.0,1000010001
0.0,0.0,0.0,0.0,0.0,0.0,0.0,0.0,0.0,1000010001
0.0,0.0,0.0,0.0,0.0,0.0,0.0,0.0,0.0,1000010001
0.0,0.0,0.0,0.0,0.0,0.0,0.0,0.0,0.0,1000010001
0.0,0.0,0.0,0.0,0.0,0.0,0.0,0.0,0.0,1000010001
0.0,0.0,0.0,0.0,0.0,0.0,0.0,0.0,0.0,1000010001
0.0,0.0,0.0,0.0,0.0,0.0,0.0,0.0,0.0,1000010001
0.0,0.0,0.0,0.0,0.0,0.0,0.0,0.0,0.0,1000010001
0.0,0.0,0.0,0.0,0.0,0.0,0.0,0.0,0.0,1000010001
0.0,0.0,0.0,0.0,0.0,0.0,0.0,0.0,0.0,1000010001
0.0,0.0,0.0,0.0,0.0,0.0,0.0,0.0,0.0,1000010001
0.0,0.0,0.0,0.0,0.0,0.0,0.0,0.0,0.0,1000010001
0.0,0.0,0.0,0.0,0.0,0.0,0.0,0.0,0.0,1000010001
0.0,0.0,0.0,0.0,0.0,0.0,0.0,0.0,0.0,1000010001
0.0,0.0,0.0,0.0,0.0,0.0,0.0,0.0,0.0,1000010001
0.0,0.0,0.0,0.0,0.0,0.0,0.0,0.0,0.0,1000010001
0.0,0.0,0.0,0.0,0.0,0.0,0.0,0.0,0.0,1000010001
0.0,0.0,0.0,0.0,0.0,0.0,0.0,0.0,0.0,1000010001
0.0,0.0,0.0,0.0,0.0,0.0,0.0,0.0,0.0,1000010001
0.0,0.0,0.0,0.0,0.0,0.0,0.0,0.0,0.0,1000010001
0.0,0.0,0.0,0.0,0.0,0.0,0.0,0.0,0.0,1000010001
0.0,0.0,0.0,0.0,0.0,0.0,0.0,0.0,0.0,1000010001
0.0,0.0,0.0,0.0,0.0,0.0,0.0,0.0,0.0,1000010001
0.0,0.0,0.0,0.0,0.0,0.0,0.0,0.0,0.0,1000010001
0.0,0.0,0.0,0.0,0.0,0.0,0.0,0.0,0.0,1000010001
0.0,0.0,0.0,0.0,0.0,0.0,0.0,0.0,0.0,1000010001
0.0,0.0,0.0,0.0,0.0,0.0,0.0,0.0,0.0,1000010001
0.0,0.0,0.0,0.0,0.0,0.0,0.0,0.0,0.0,1000010001
0.0,0.0,0.0,0.0,0.0,0.0,0.0,0.0,0.0,1000010001
0.0,0.0,0.0,0.0,0.0,0.0,0.0,0.0,0.0,1000010001
0.0,0.0,0.0,0.0,0.0,0.0,0.0,0.0,0.0,1000010001
0.0,0.0,0.0,0.0,0.0,0.0,0.0,0.0,0.0,1000010001
0.0,0.0,0.0,0.0,0.0,0.0,0.0,0.0,0.0,1000010001
0.0,0.0,0.0,0.0,0.0,0.0,0.0,0.0,0.0,1000010001
0.0,0.0,0.0,0.0,0.0,0.0,0.0,0.0,0.0,1000010001
0.0,0.0,0.0,0.0,0.0,0.0,0.0,0.0,0.0,1000010001
0.0,0.0,0.0,0.0,0.0,0.0,0.0,0.0,0.0,1000010001
0.0,0.0,0.0,0.0,0.0,0.0,0.0,0.0,0.0,1000010001
0.0,0.0,0.0,0.0,0.0,0.0,0.0,0.0,0.0,1000010001
0.0,0.0,0.0,0.0,0.0,0.0,0.0,0.0,0.0,1000010001
0.0,0.0,0.0,0.0,0.0,0.0,0.0,0.0,0.0,1000010001
0.0,0.0,0.0,0.0,0.0,0.0,0.0,0.0,0.0,1000010001
0.0,0.0,0.0,0.0,0.0,0.0,0.0,0.0,0.0,1000010001
0.0,0.0,0.0,0.0,0.0,0.0,0.0,0.0,0.0,1000010001
0.0,0.0,0.0,0.0,0.0,0.0,0.0,0.0,0.0,1000010001
0.0,0.0,0.0,0.0,0.0,0.0,0.0,0.0,0.0,1000010001
0.0,0.0,0.0,0.0,0.0,0.0,0.0,0.0,0.0,1000010001
0.0,0.0,0.0,0.0,0.0,0.0,0.0,0.0,0.0,1000010001
0.0,0.0,0.0,0.0,0.0,0.0,0.0,0.0,0.0,1000010001
0.0,0.0,0.0,0.0,0.0,0.0,0.0,0.0,0.0,1000010001
0.0,0.0,0.0,0.0,0.0,0.0,0.0,0.0,0.0,1000010001
0.0,0.0,0.0,0.0,0.0,0.0,0.0,0.0,0.0,1000010001
0.0,0.0,0.0,0.0,0.0,0.0,0.0,0.0,0.0,1000010001
0.0,0.0,0.0,0.0,0.0,0.0,0.0,0.0,0.0,1000010001
0.0,0.0,0.0,0.0,0.0,0.0,0.0,0.0,0.0,1000010001
0.0,0.0,0.0,0.0,0.0,0.0,0.0,0.0,0.0,1000010001
0.0,0.0,0.0,0.0,0.0,0.0,0.0,0.0,0.0,1000010001
0.0,0.0,0.0,0.0,0.0,0.0,0.0,0.0,0.0,1000010001
0.0,0.0,0.0,0.0,0.0,0.0,0.0,0.0,0.0,1000010001
0.0,0.0,0.0,0.0,0.0,0.0,0.0,0.0,0.0,1000010001
0.0,0.0,0.0,0.0,0.0,0.0,0.0,0.0,0.0,1000010001
0.0,0.0,0.0,0.0,0.0,0.0,0.0,0.0,0.0,1000010001
0.0,0.0,0.0,0.0,0.0,0.0,0.0,0.0,0.0,1000010001
0.0,0.0,0.0,0.0,0.0,0.0,0.0,0.0,0.0,1000010001
0.0,0.0,0.0,0.0,0.0,0.0,0.0,0.0,0.0,1000010001
0.0,0.0,0.0,0.0,0.0,0.0,0.0,0.0,0.0,1000010001
0.0,0.0,0.0,0.0,0.0,0.0,0.0,0.0,0.0,1000010001
0.0,0.0,0.0,0.0,0.0,0.0,0.0,0.0,0.0,1000010001
0.0,0.0,0.0,0.0,0.0,0.0,0.0,0.0,0.0,1000010001
0.0,0.0,0.0,0.0,0.0,0.0,0.0,0.0,0.0,1000010001
0.0,0.0,0.0,0.0,0.0,0.0,0.0,0.0,0.0,1000010001
0.0,0.0,0.0,0.0,0.0,0.0,0.0,0.0,0.0,1000010001
0.0,0.0,0.0,0.0,0.0,0.0,0.0,0.0,0.0,1000010001
0.0,0.0,0.0,0.0,0.0,0.0,0.0,0.0,0.0,1000010001
0.0,0.0,0.0,0.0,0.0,0.0,0.0,0.0,0.0,1000010001
0.0,0.0,0.0,0.0,0.0,0.0,0.0,0.0,0.0,1000010001
0.0,0.0,0.0,0.0,0.0,0.0,0.0,0.0,0.0,1000010001
0.0,0.0,0.0,0.0,0.0,0.0,0.0,0.0,0.0,1000010001
0.0,0.0,0.0,0.0,0.0,0.0,0.0,0.0,0.0,1000010001
0.0,0.0,0.0,0.0,0.0,0.0,0.0,0.0,0.0,1000010001
0.0,0.0,0.0,0.0,0.0,0.0,0.0,0.0,0.0,1000010001
0.0,0.0,0.0,0.0,0.0,0.0,0.0,0.0,0.0,1000010001
0.0,0.0,0.0,0.0,0.0,0.0,0.0,0.0,0.0,1000010001
0.0,0.0,0.0,0.0,0.0,0.0,0.0,0.0,0.0,1000010001
0.0,0.0,0.0,0.0,0.0,0.0,0.0,0.0,0.0,1000010001
0.0,0.0,0.0,0.0,0.0,0.0,0.0,0.0,0.0,1000010001
0.0,0.0,0.0,0.0,0.0,0.0,0.0,0.0,0.0,1000010001
0.0,0.0,0.0,0.0,0.0,0.0,0.0,0.0,0.0,1000010001
0.0,0.0,0.0,0.0,0.0,0.0,0.0,0.0,0.0,1000010001
0.0,0.0,0.0,0.0,0.0,0.0,0.0,0.0,0.0,1000010001
0.0,0.0,0.0,0.0,0.0,0.0,0.0,0.0,0.0,1000010001
0.0,0.0,0.0,0.0,0.0,0.0,0.0,0.0,0.0,1000010001
0.0,0.0,0.0,0.0,0.0,0.0,0.0,0.0,0.0,1000010001
0.0,0.0,0.0,0.0,0.0,0.0,0.0,0.0,0.0,1000010001
0.0,0.0,0.0,0.0,0.0,0.0,0.0,0.0,0.0,1000010001
0.0,0.0,0.0,0.0,0.0,0.0,0.0,0.0,0.0,1000010001
0.0,0.0,0.0,0.0,0.0,0.0,0.0,0.0,0.0,1000010001
0.0,0.0,0.0,0.0,0.0,0.0,0.0,0.0,0.0,1000010001
0.0,0.0,0.0,0.0,0.0,0.0,0.0,0.0,0.0,1000010001
0.0,0.0,0.0,0.0,0.0,0.0,0.0,0.0,0.0,1000010001
0.0,0.0,0.0,0.0,0.0,0.0,0.0,0.0,0.0,1000010001
0.0,0.0,0.0,0.0,0.0,0.0,0.0,0.0,0.0,1000010001
0.0,0.0,0.0,0.0,0.0,0.0,0.0,0.0,0.0,1000010001
0.0,0.0,0.0,0.0,0.0,0.0,0.0,0.0,0.0,1000010001
0.0,0.0,0.0,0.0,0.0,0.0,0.0,0.0,0.0,1000010001
0.0,0.0,0.0,0.0,0.0,0.0,0.0,0.0,0.0,1000010001
0.0,0.0,0.0,0.0,0.0,0.0,0.0,0.0,0.0,1000010001
0.0,0.0,0.0,0.0,0.0,0.0,0.0,0.0,0.0,1000010001
0.0,0.0,0.0,0.0,0.0,0.0,0.0,0.0,0.0,1000010001
0.0,0.0,0.0,0.0,0.0,0.0,0.0,0.0,0.0,1000010001
0.0,0.0,0.0,0.0,0.0,0.0,0.0,0.0,0.0,1000010001
0.0,0.0,0.0,0.0,0.0,0.0,0.0,0.0,0.0,1000010001
0.0,0.0,0.0,0.0,0.0,0.0,0.0,0.0,0.0,1000010000
0.0,0.0,0.0,0.0,0.0,0.0,0.0,0.0,0.0,1000010000
0.0,0.0,0.0,0.0,0.0,0.0,0.0,0.0,0.0,1000010000
0.0,0.0,0.0,0.0,0.0,0.0,0.0,0.0,0.0,1000010000
0.0,0.0,0.0,0.0,0.0,0.0,0.0,0.0,0.0,1000010000
0.0,0.0,0.0,0.0,0.0,0.0,0.0,0.0,0.0,1000010000
0.0,0.0,0.0,0.0,0.0,0.0,0.0,0.0,0.0,1000010000
0.0,0.0,0.0,0.0,0.0,0.0,0.0,0.0,0.0,1000010000
0.0,0.0,0.0,0.0,0.0,0.0,0.0,0.0,0.0,1000010000
0.0,0.0,0.0,0.0,0.0,0.0,0.0,0.0,0.0,1000010000
0.0,0.0,0.0,0.0,0.0,0.0,0.0,0.0,0.0,1000010000
0.0,0.0,0.0,0.0,0.0,0.0,0.0,0.0,0.0,1000010000
0.0,0.0,0.0,0.0,0.0,0.0,0.0,0.0,0.0,1000010000
0.0,0.0,0.0,0.0,0.0,0.0,0.0,0.0,0.0,1000010000
0.0,0.0,0.0,0.0,0.0,0.0,0.0,0.0,0.0,1000010000
0.0,0.0,0.0,0.0,0.0,0.0,0.0,0.0,0.0,1000010000
0.0,0.0,0.0,0.0,0.0,0.0,0.0,0.0,0.0,1000010000
0.0,0.0,0.0,0.0,0.0,0.0,0.0,0.0,0.0,1000010000
0.0,0.0,0.0,0.0,0.0,0.0,0.0,0.0,0.0,1000010000
0.0,0.0,0.0,0.0,0.0,0.0,0.0,0.0,0.0,1000010000
0.0,0.0,0.0,0.0,0.0,0.0,0.0,0.0,0.0,1000010000
0.0,0.0,0.0,0.0,0.0,0.0,0.0,0.0,0.0,1000010000
0.0,0.0,0.0,0.0,0.0,0.0,0.0,0.0,0.0,1000010000
0.0,0.0,0.0,0.0,0.0,0.0,0.0,0.0,0.0,1000010000
0.0,0.0,0.0,0.0,0.0,0.0,0.0,0.0,0.0,1000010000
0.0,0.0,0.0,0.0,0.0,0.0,0.0,0.0,0.0,1000010000
0.0,0.0,0.0,0.0,0.0,0.0,0.0,0.0,0.0,1000010000
0.0,0.0,0.0,0.0,0.0,0.0,0.0,0.0,0.0,1000010000
0.0,0.0,0.0,0.0,0.0,0.0,0.0,0.0,0.0,1000010000
0.0,0.0,0.0,0.0,0.0,0.0,0.0,0.0,0.0,1000010000
0.0,0.0,0.0,0.0,0.0,0.0,0.0,0.0,0.0,1000010000
0.0,0.0,0.0,0.0,0.0,0.0,0.0,0.0,0.0,1000010000
0.0,0.0,0.0,0.0,0.0,0.0,0.0,0.0,0.0,1000010000
0.0,0.0,0.0,0.0,0.0,0.0,0.0,0.0,0.0,1000010000
0.0,0.0,0.0,0.0,0.0,0.0,0.0,0.0,0.0,1000010000
0.0,0.0,0.0,0.0,0.0,0.0,0.0,0.0,0.0,1000010000
0.0,0.0,0.0,0.0,0.0,0.0,0.0,0.0,0.0,1000010000
0.0,0.0,0.0,0.0,0.0,0.0,0.0,0.0,0.0,1000010000
0.0,0.0,0.0,0.0,0.0,0.0,0.0,0.0,0.0,1000010000
0.0,0.0,0.0,0.0,0.0,0.0,0.0,0.0,0.0,1000010000
0.0,0.0,0.0,0.0,0.0,0.0,0.0,0.0,0.0,1000010000
0.0,0.0,0.0,0.0,0.0,0.0,0.0,0.0,0.0,1000010000
0.0,0.0,0.0,0.0,0.0,0.0,0.0,0.0,0.0,1000010000
0.0,0.0,0.0,0.0,0.0,0.0,0.0,0.0,0.0,1000010000
0.0,0.0,0.0,0.0,0.0,0.0,0.0,0.0,0.0,1000010000
0.0,0.0,0.0,0.0,0.0,0.0,0.0,0.0,0.0,1000010000
0.0,0.0,0.0,0.0,0.0,0.0,0.0,0.0,0.0,1000010000
0.0,0.0,0.0,0.0,0.0,0.0,0.0,0.0,0.0,1000010000
0.0,0.0,0.0,0.0,0.0,0.0,0.0,0.0,0.0,1000010000
0.0,0.0,0.0,0.0,0.0,0.0,0.0,0.0,0.0,1000010000
0.0,0.0,0.0,0.0,0.0,0.0,0.0,0.0,0.0,1000010000
0.0,0.0,0.0,0.0,0.0,0.0,0.0,0.0,0.0,1000010000
0.0,0.0,0.0,0.0,0.0,0.0,0.0,0.0,0.0,1000010000
0.0,0.0,0.0,0.0,0.0,0.0,0.0,0.0,0.0,1000010000
0.0,0.0,0.0,0.0,0.0,0.0,0.0,0.0,0.0,1000010000
0.0,0.0,0.0,0.0,0.0,0.0,0.0,0.0,0.0,1000010000
0.0,0.0,0.0,0.0,0.0,0.0,0.0,0.0,0.0,1000010000
0.0,0.0,0.0,0.0,0.0,0.0,0.0,0.0,0.0,1000010000
0.0,0.0,0.0,0.0,0.0,0.0,0.0,0.0,0.0,1000010000
0.0,0.0,0.0,0.0,0.0,0.0,0.0,0.0,0.0,1000010000
0.0,0.0,0.0,0.0,0.0,0.0,0.0,0.0,0.0,1000010000
0.0,0.0,0.0,0.0,0.0,0.0,0.0,0.0,0.0,1000010000
0.0,0.0,0.0,0.0,0.0,0.0,0.0,0.0,0.0,1000010000
0.0,0.0,0.0,0.0,0.0,0.0,0.0,0.0,0.0,1000010000
0.0,0.0,0.0,0.0,0.0,0.0,0.0,0.0,0.0,1000010000
0.0,0.0,0.0,0.0,0.0,0.0,0.0,0.0,0.0,1000010000
0.0,0.0,0.0,0.0,0.0,0.0,0.0,0.0,0.0,1000010000
0.0,0.0,0.0,0.0,0.0,0.0,0.0,0.0,0.0,1000010000
0.0,0.0,0.0,0.0,0.0,0.0,0.0,0.0,0.0,1000010000
0.0,0.0,0.0,0.0,0.0,0.0,0.0,0.0,0.0,1000010000
0.0,0.0,0.0,0.0,0.0,0.0,0.0,0.0,0.0,1000010000
0.0,0.0,0.0,0.0,0.0,0.0,0.0,0.0,0.0,1000010000
0.0,0.0,0.0,0.0,0.0,0.0,0.0,0.0,0.0,1000010000
0.0,0.0,0.0,0.0,0.0,0.0,0.0,0.0,0.0,1000010000
0.0,0.0,0.0,0.0,0.0,0.0,0.0,0.0,0.0,1000010000
0.0,0.0,0.0,0.0,0.0,0.0,0.0,0.0,0.0,1000010000
0.0,0.0,0.0,0.0,0.0,0.0,0.0,0.0,0.0,1000010000
0.0,0.0,0.0,0.0,0.0,0.0,0.0,0.0,0.0,1000010000
0.0,0.0,0.0,0.0,0.0,0.0,0.0,0.0,0.0,1000010000
0.0,0.0,0.0,0.0,0.0,0.0,0.0,0.0,0.0,1000010000
0.0,0.0,0.0,0.0,0.0,0.0,0.0,0.0,0.0,1000010000
0.0,0.0,0.0,0.0,0.0,0.0,0.0,0.0,0.0,1000010000
0.0,0.0,0.0,0.0,0.0,0.0,0.0,0.0,0.0,1000010000
0.0,0.0,0.0,0.0,0.0,0.0,0.0,0.0,0.0,1000010000
0.0,0.0,0.0,0.0,0.0,0.0,0.0,0.0,0.0,1000010000
0.0,0.0,0.0,0.0,0.0,0.0,0.0,0.0,0.0,1000010000
0.0,0.0,0.0,0.0,0.0,0.0,0.0,0.0,0.0,1000010000
0.0,0.0,0.0,0.0,0.0,0.0,0.0,0.0,0.0,1000010000
0.0,0.0,0.0,0.0,0.0,0.0,0.0,0.0,0.0,1000010000
0.0,0.0,0.0,0.0,0.0,0.0,0.0,0.0,0.0,1000010000
0.0,0.0,0.0,0.0,0.0,0.0,0.0,0.0,0.0,1000010000
0.0,0.0,0.0,0.0,0.0,0.0,0.0,0.0,0.0,1000010000
0.0,0.0,0.0,0.0,0.0,0.0,0.0,0.0,0.0,1000010000
0.0,0.0,0.0,0.0,0.0,0.0,0.0,0.0,0.0,1000010000
0.0,0.0,0.0,0.0,0.0,0.0,0.0,0.0,0.0,1000010000
0.0,0.0,0.0,0.0,0.0,0.0,0.0,0.0,0.0,1000010000
0.0,0.0,0.0,0.0,0.0,0.0,0.0,0.0,0.0,1000010000
0.0,0.0,0.0,0.0,0.0,0.0,0.0,0.0,0.0,1000010000
0.0,0.0,0.0,0.0,0.0,0.0,0.0,0.0,0.0,1000010000
0.0,0.0,0.0,0.0,0.0,0.0,0.0,0.0,0.0,1000010000
0.0,0.0,0.0,0.0,0.0,0.0,0.0,0.0,0.0,1000010000
0.0,0.0,0.0,0.0,0.0,0.0,0.0,0.0,0.0,1000010000
0.0,0.0,0.0,0.0,0.0,0.0,0.0,0.0,0.0,1000010000
0.0,0.0,0.0,0.0,0.0,0.0,0.0,0.0,0.0,1000010000
0.0,0.0,0.0,0.0,0.0,0.0,0.0,0.0,0.0,1000010000
0.0,0.0,0.0,0.0,0.0,0.0,0.0,0.0,0.0,1000010000
0.0,0.0,0.0,0.0,0.0,0.0,0.0,0.0,0.0,1000010000
0.0,0.0,0.0,0.0,0.0,0.0,0.0,0.0,0.0,1000010000
0.0,0.0,0.0,0.0,0.0,0.0,0.0,0.0,0.0,1000010000
0.0,0.0,0.0,0.0,0.0,0.0,0.0,0.0,0.0,1000010000
0.0,0.0,0.0,0.0,0.0,0.0,0.0,0.0,0.0,1000010000
0.0,0.0,0.0,0.0,0.0,0.0,0.0,0.0,0.0,1000010000
0.0,0.0,0.0,0.0,0.0,0.0,0.0,0.0,0.0,1000010000
0.0,0.0,0.0,0.0,0.0,0.0,0.0,0.0,0.0,1000010000
0.0,0.0,0.0,0.0,0.0,0.0,0.0,0.0,0.0,1000010000
0.0,0.0,0.0,0.0,0.0,0.0,0.0,0.0,0.0,1000010000
0.0,0.0,0.0,0.0,0.0,0.0,0.0,0.0,0.0,1000010000
0.0,0.0,0.0,0.0,0.0,0.0,0.0,0.0,0.0,1000010000
0.0,0.0,0.0,0.0,0.0,0.0,0.0,0.0,0.0,1000010000
0.0,0.0,0.0,0.0,0.0,0.0,0.0,0.0,0.0,1000010000
0.0,0.0,0.0,0.0,0.0,0.0,0.0,0.0,0.0,1000010000
0.0,0.0,0.0,0.0,0.0,0.0,0.0,0.0,0.0,1000010000
0.0,0.0,0.0,0.0,0.0,0.0,0.0,0.0,0.0,1000010000
0.0,0.0,0.0,0.0,0.0,0.0,0.0,0.0,0.0,1000010000
0.0,0.0,0.0,0.0,0.0,0.0,0.0,0.0,0.0,1000010000
0.0,0.0,0.0,0.0,0.0,0.0,0.0,0.0,0.0,1000010000
0.0,0.0,0.0,0.0,0.0,0.0,0.0,0.0,0.0,1000010000
0.0,0.0,0.0,0.0,0.0,0.0,0.0,0.0,0.0,1000010000
0.0,0.0,0.0,0.0,0.0,0.0,0.0,0.0,0.0,1000010000
0.0,0.0,0.0,0.0,0.0,0.0,0.0,0.0,0.0,1000010000
0.0,0.0,0.0,0.0,0.0,0.0,0.0,0.0,0.0,1000010000
0.0,0.0,0.0,0.0,0.0,0.0,0.0,0.0,0.0,1000010000
0.0,0.0,0.0,0.0,0.0,0.0,0.0,0.0,0.0,1000010000
0.0,0.0,0.0,0.0,0.0,0.0,0.0,0.0,0.0,1000010000
0.0,0.0,0.0,0.0,0.0,0.0,0.0,0.0,0.0,1000010000
0.0,0.0,0.0,0.0,0.0,0.0,0.0,0.0,0.0,1000010000
0.0,0.0,0.0,0.0,0.0,0.0,0.0,0.0,0.0,1000010000
0.0,0.0,0.0,0.0,0.0,0.0,0.0,0.0,0.0,1000010000
0.0,0.0,0.0,0.0,0.0,0.0,0.0,0.0,0.0,1000010000
0.0,0.0,0.0,0.0,0.0,0.0,0.0,0.0,0.0,1000010000
0.0,0.0,0.0,0.0,0.0,0.0,0.0,0.0,0.0,1000010000
0.0,0.0,0.0,0.0,0.0,0.0,0.0,0.0,0.0,1000010000
0.0,0.0,0.0,0.0,0.0,0.0,0.0,0.0,0.0,1000010000
0.0,0.0,0.0,0.0,0.0,0.0,0.0,0.0,0.0,1000010000
0.0,0.0,0.0,0.0,0.0,0.0,0.0,0.0,0.0,1000010000
0.0,0.0,0.0,0.0,0.0,0.0,0.0,0.0,0.0,1000010000
0.0,0.0,0.0,0.0,0.0,0.0,0.0,0.0,0.0,1000010000
0.0,0.0,0.0,0.0,0.0,0.0,0.0,0.0,0.0,1000010000
0.0,0.0,0.0,0.0,0.0,0.0,0.0,0.0,0.0,1000010000
0.0,0.0,0.0,0.0,0.0,0.0,0.0,0.0,0.0,1000010000
0.0,0.0,0.0,0.0,0.0,0.0,0.0,0.0,0.0,1000010000
0.0,0.0,0.0,0.0,0.0,0.0,0.0,0.0,0.0,1000010000
0.0,0.0,0.0,0.0,0.0,0.0,0.0,0.0,0.0,1000010000
0.0,0.0,0.0,0.0,0.0,0.0,0.0,0.0,0.0,1000010000
0.0,0.0,0.0,0.0,0.0,0.0,0.0,0.0,0.0,1000010000
0.0,0.0,0.0,0.0,0.0,0.0,0.0,0.0,0.0,1000010000
0.0,0.0,0.0,0.0,0.0,0.0,0.0,0.0,0.0,1000010000
0.0,0.0,0.0,0.0,0.0,0.0,0.0,0.0,0.0,1000010000
0.0,0.0,0.0,0.0,0.0,0.0,0.0,0.0,0.0,1000010000
0.0,0.0,0.0,0.0,0.0,0.0,0.0,0.0,0.0,1000010000
0.0,0.0,0.0,0.0,0.0,0.0,0.0,0.0,0.0,1000010000
0.0,0.0,0.0,0.0,0.0,0.0,0.0,0.0,0.0,1000010000
0.0,0.0,0.0,0.0,0.0,0.0,0.0,0.0,0.0,1000010000
0.0,0.0,0.0,0.0,0.0,0.0,0.0,0.0,0.0,1000010000
0.0,0.0,0.0,0.0,0.0,0.0,0.0,0.0,0.0,1000010000
0.0,0.0,0.0,0.0,0.0,0.0,0.0,0.0,0.0,1000010000
0.0,0.0,0.0,0.0,0.0,0.0,0.0,0.0,0.0,1000010000
